0
455 200
2
485 279
515 221
201
0 0
2
0 0 0 33 128 0
1 0 0 926 362 0
0
1 1
2
0 0 0 106 142 0
1 0 0 853 342 0
0
2 2
2
0 0 0 179 156 0
1 0 0 780 323 0
0
3 3
2
0 0 0 252 170 0
1 0 0 707 304 0
0
4 4
2
0 0 0 325 184 0
1 0 0 634 285 0
0
5 5
2
0 0 0 398 198 0
1 0 0 561 266 0
0
6 6
2
0 0 0 471 212 0
1 0 0 500 250 0
0
7 7
2
0 0 0 515 221 5
1 0 0 500 250 0
0
8 8
2
0 0 0 515 221 10
1 0 0 500 250 0
0
9 9
2
0 0 0 515 221 15
1 0 0 500 250 0
0
10 10
2
0 0 0 515 221 20
1 0 0 500 250 0
0
11 11
2
0 0 0 515 221 25
1 0 0 500 250 0
0
12 12
2
0 0 0 515 221 30
1 0 0 500 250 0
0
13 13
2
0 0 0 440 225 30
1 0 0 500 250 0
0
14 14
2
0 0 0 365 229 30
1 0 0 500 250 0
0
15 15
2
0 0 0 290 233 30
1 0 0 500 250 0
0
16 16
2
0 0 0 215 238 30
1 0 0 500 250 0
0
17 17
2
0 0 0 140 243 30
1 0 0 500 250 0
0
48 18
2
0 0 0 65 248 0
1 0 0 500 250 0
0
49 19
2
0 0 0 139 243 0
1 0 0 500 250 0
0
50 20
2
0 0 0 213 238 0
1 0 0 500 250 0
0
51 21
2
0 0 0 287 233 0
1 0 0 500 250 0
0
52 22
2
0 0 0 361 229 0
1 0 0 500 250 0
0
53 23
2
0 0 0 435 225 0
1 0 0 500 250 0
0
54 24
2
0 0 0 509 221 5
1 0 0 500 250 0
0
55 25
2
0 0 0 515 221 10
1 0 0 500 250 0
0
56 26
2
0 0 0 515 221 15
1 0 0 500 250 0
0
57 27
2
0 0 0 515 221 20
1 0 0 500 250 0
0
58 28
2
0 0 0 515 221 25
1 0 0 500 250 0
0
59 29
2
0 0 0 515 221 30
1 0 0 500 250 0
0
60 30
2
0 0 0 440 225 30
1 0 0 500 250 0
0
61 31
2
0 0 0 365 229 30
1 0 0 500 250 0
0
62 32
2
0 0 0 290 233 30
1 0 0 500 250 0
0
63 33
2
0 0 0 215 238 30
1 0 0 500 250 0
0
64 34
2
0 0 0 140 243 30
1 0 0 500 250 0
0
95 35
2
0 0 0 65 248 0
1 0 0 500 250 0
0
21 36
3
0 0 0 139 243 0
0 1 1 49 394 0
1 0 0 500 250 0
0
22 37
3
0 0 0 213 238 0
0 1 1 96 377 0
1 0 0 500 250 0
0
23 38
3
0 0 0 287 233 0
0 1 1 143 360 0
1 0 0 500 250 0
0
24 39
3
0 0 0 361 229 0
0 1 1 190 343 0
1 0 0 500 250 0
0
25 40
3
0 0 0 435 225 0
0 1 1 237 326 0
1 0 0 500 250 0
0
26 41
3
0 0 0 509 221 5
0 1 1 284 309 0
1 0 0 500 250 0
0
27 42
3
0 0 0 515 221 10
0 1 1 331 292 0
1 0 0 500 250 0
0
28 43
3
0 0 0 515 221 15
0 1 1 378 275 0
1 0 0 500 250 0
0
29 44
3
0 0 0 515 221 20
0 1 1 425 258 0
1 0 0 500 250 0
0
30 45
3
0 0 0 515 221 25
0 1 1 450 250 0
1 0 0 500 250 0
0
31 46
2
0 0 0 515 221 30
0 1 1 450 250 10
1
500 250
32 47
2
0 0 0 440 225 30
0 1 1 450 250 9
0
33 48
2
0 0 0 365 229 30
0 1 1 450 250 8
0
34 49
2
0 0 0 290 233 30
0 1 1 450 250 7
0
35 50
2
0 0 0 215 238 30
0 1 1 450 250 6
0
36 51
2
0 0 0 140 243 30
0 1 1 450 250 5
0
67 52
2
0 0 0 65 248 0
0 1 1 450 250 4
0
68 53
2
0 0 0 139 243 0
0 1 1 450 250 3
0
69 54
2
0 0 0 213 238 0
0 1 1 450 250 2
0
70 55
2
0 0 0 287 233 0
0 1 1 450 250 1
0
71 56
2
0 0 0 361 229 0
0 1 1 450 250 0
0
72 57
2
0 0 0 435 225 0
0 1 1 450 250 10
1
500 250
73 58
2
0 0 0 509 221 5
0 1 1 450 250 9
0
74 59
2
0 0 0 515 221 10
0 1 1 450 250 8
0
75 60
2
0 0 0 515 221 15
0 1 1 450 250 7
0
76 61
2
0 0 0 515 221 20
0 1 1 450 250 6
0
77 62
2
0 0 0 515 221 25
0 1 1 450 250 5
0
78 63
2
0 0 0 515 221 30
0 1 1 450 250 4
0
79 64
2
0 0 0 440 225 30
0 1 1 450 250 3
0
80 65
2
0 0 0 365 229 30
0 1 1 450 250 2
0
81 66
2
0 0 0 290 233 30
0 1 1 450 250 1
0
82 67
2
0 0 0 215 238 30
0 1 1 450 250 0
0
83 68
2
0 0 0 140 243 30
0 1 1 450 250 10
1
500 250
114 69
2
0 0 0 65 248 0
0 1 1 450 250 9
0
115 70
2
0 0 0 139 243 0
0 1 1 450 250 8
0
116 71
2
0 0 0 213 238 0
0 1 1 450 250 7
0
117 72
2
0 0 0 287 233 0
0 1 1 450 250 6
0
118 73
2
0 0 0 361 229 0
0 1 1 450 250 5
0
119 74
2
0 0 0 435 225 0
0 1 1 450 250 4
0
120 75
2
0 0 0 509 221 5
0 1 1 450 250 3
0
121 76
2
0 0 0 515 221 10
0 1 1 450 250 2
0
122 77
2
0 0 0 515 221 15
0 1 1 450 250 1
0
123 78
2
0 0 0 515 221 20
0 1 1 450 250 0
0
124 79
2
0 0 0 515 221 25
0 1 1 450 250 10
1
500 250
125 80
2
0 0 0 515 221 30
0 1 1 450 250 9
0
126 81
2
0 0 0 440 225 30
0 1 1 450 250 8
0
127 82
2
0 0 0 365 229 30
0 1 1 450 250 7
0
128 83
2
0 0 0 290 233 30
0 1 1 450 250 6
0
129 84
2
0 0 0 215 238 30
0 1 1 450 250 5
0
130 85
2
0 0 0 140 243 30
0 1 1 450 250 4
0
161 86
2
0 0 0 65 248 0
0 1 1 450 250 3
0
162 87
2
0 0 0 139 243 0
0 1 1 450 250 2
0
163 88
2
0 0 0 213 238 0
0 1 1 450 250 1
0
164 89
2
0 0 0 287 233 0
0 1 1 450 250 0
0
165 90
2
0 0 0 361 229 0
0 1 1 450 250 10
1
500 250
166 91
2
0 0 0 435 225 0
0 1 1 450 250 9
0
167 92
2
0 0 0 509 221 5
0 1 1 450 250 8
0
168 93
2
0 0 0 515 221 10
0 1 1 450 250 7
0
169 94
2
0 0 0 515 221 15
0 1 1 450 250 6
0
170 95
2
0 0 0 515 221 20
0 1 1 450 250 5
0
171 96
2
0 0 0 515 221 25
0 1 1 450 250 4
0
172 97
2
0 0 0 515 221 30
0 1 1 450 250 3
0
173 98
2
0 0 0 440 225 30
0 1 1 450 250 2
0
174 99
2
0 0 0 365 229 30
0 1 1 450 250 1
0
175 100
2
0 0 0 290 233 30
0 1 1 450 250 0
0
176 101
2
0 0 0 215 238 30
0 1 1 450 250 10
1
500 250
177 102
2
0 0 0 140 243 30
0 1 1 450 250 9
0
208 103
2
0 0 0 65 248 0
0 1 1 450 250 8
0
209 104
2
0 0 0 139 243 0
0 1 1 450 250 7
0
210 105
2
0 0 0 213 238 0
0 1 1 450 250 6
0
211 106
2
0 0 0 287 233 0
0 1 1 450 250 5
0
212 107
2
0 0 0 361 229 0
0 1 1 450 250 4
0
213 108
2
0 0 0 435 225 0
0 1 1 450 250 3
0
214 109
2
0 0 0 509 221 5
0 1 1 450 250 2
0
215 110
2
0 0 0 515 221 10
0 1 1 450 250 1
0
216 111
2
0 0 0 515 221 15
0 1 1 450 250 0
0
217 112
2
0 0 0 515 221 20
0 1 1 450 250 10
1
500 250
218 113
2
0 0 0 515 221 25
0 1 1 450 250 9
0
219 114
2
0 0 0 515 221 30
0 1 1 450 250 8
0
220 115
2
0 0 0 440 225 30
0 1 1 450 250 7
0
221 116
2
0 0 0 365 229 30
0 1 1 450 250 6
0
222 117
2
0 0 0 290 233 30
0 1 1 450 250 5
0
223 118
2
0 0 0 215 238 30
0 1 1 450 250 4
0
224 119
2
0 0 0 140 243 30
0 1 1 450 250 3
0
255 120
2
0 0 0 65 248 0
0 1 1 450 250 2
0
256 121
2
0 0 0 139 243 0
0 1 1 450 250 1
0
257 122
2
0 0 0 213 238 0
0 1 1 450 250 0
0
258 123
2
0 0 0 287 233 0
0 1 1 450 250 10
1
500 250
259 124
2
0 0 0 361 229 0
0 1 1 450 250 9
0
260 125
2
0 0 0 435 225 0
0 1 1 450 250 8
0
261 126
2
0 0 0 509 221 5
0 1 1 450 250 7
0
262 127
2
0 0 0 515 221 10
0 1 1 450 250 6
0
263 128
2
0 0 0 515 221 15
0 1 1 450 250 5
0
264 129
2
0 0 0 515 221 20
0 1 1 450 250 4
0
265 130
2
0 0 0 515 221 25
0 1 1 450 250 3
0
266 131
2
0 0 0 515 221 30
0 1 1 450 250 2
0
267 132
2
0 0 0 440 225 30
0 1 1 450 250 1
0
268 133
2
0 0 0 365 229 30
0 1 1 450 250 0
0
269 134
2
0 0 0 290 233 30
0 1 1 450 250 10
1
500 250
270 135
2
0 0 0 215 238 30
0 1 1 450 250 9
0
271 136
2
0 0 0 140 243 30
0 1 1 450 250 8
0
302 137
2
0 0 0 65 248 0
0 1 1 450 250 7
0
303 138
2
0 0 0 139 243 0
0 1 1 450 250 6
0
304 139
2
0 0 0 213 238 0
0 1 1 450 250 5
0
305 140
2
0 0 0 287 233 0
0 1 1 450 250 4
0
306 141
2
0 0 0 361 229 0
0 1 1 450 250 3
0
307 142
2
0 0 0 435 225 0
0 1 1 450 250 2
0
308 143
2
0 0 0 509 221 5
0 1 1 450 250 1
0
309 144
2
0 0 0 515 221 10
0 1 1 450 250 0
0
310 145
2
0 0 0 515 221 15
0 1 1 450 250 10
1
500 250
311 146
2
0 0 0 515 221 20
0 1 1 450 250 9
0
312 147
2
0 0 0 515 221 25
0 1 1 450 250 8
0
313 148
2
0 0 0 515 221 30
0 1 1 450 250 7
0
314 149
2
0 0 0 440 225 30
0 1 1 450 250 6
0
315 150
2
0 0 0 365 229 30
0 1 1 450 250 5
0
316 151
2
0 0 0 290 233 30
0 1 1 450 250 4
0
317 152
2
0 0 0 215 238 30
0 1 1 450 250 3
0
318 153
2
0 0 0 140 243 30
0 1 1 450 250 2
0
349 154
2
0 0 0 65 248 0
0 1 1 450 250 1
0
350 155
2
0 0 0 139 243 0
0 1 1 450 250 0
0
351 156
2
0 0 0 213 238 0
0 1 1 450 250 10
1
500 250
352 157
2
0 0 0 287 233 0
0 1 1 450 250 9
0
353 158
2
0 0 0 361 229 0
0 1 1 450 250 8
0
354 159
2
0 0 0 435 225 0
0 1 1 450 250 7
0
355 160
2
0 0 0 509 221 5
0 1 1 450 250 6
0
356 161
2
0 0 0 515 221 10
0 1 1 450 250 5
0
357 162
2
0 0 0 515 221 15
0 1 1 450 250 4
0
358 163
2
0 0 0 515 221 20
0 1 1 450 250 3
0
359 164
2
0 0 0 515 221 25
0 1 1 450 250 2
0
360 165
2
0 0 0 515 221 30
0 1 1 450 250 1
0
361 166
2
0 0 0 440 225 30
0 1 1 450 250 0
0
362 167
2
0 0 0 365 229 30
0 1 1 450 250 10
1
500 250
363 168
2
0 0 0 290 233 30
0 1 1 450 250 9
0
364 169
2
0 0 0 215 238 30
0 1 1 450 250 8
0
365 170
2
0 0 0 140 243 30
0 1 1 450 250 7
0
396 171
2
0 0 0 65 248 0
0 1 1 450 250 6
0
397 172
2
0 0 0 139 243 0
0 1 1 450 250 5
0
398 173
2
0 0 0 213 238 0
0 1 1 450 250 4
0
399 174
2
0 0 0 287 233 0
0 1 1 450 250 3
0
400 175
2
0 0 0 361 229 0
0 1 1 450 250 2
0
401 176
2
0 0 0 435 225 0
0 1 1 450 250 1
0
402 177
2
0 0 0 509 221 5
0 1 1 450 250 0
0
403 178
2
0 0 0 515 221 10
0 1 1 450 250 10
1
500 250
404 179
2
0 0 0 515 221 15
0 1 1 450 250 9
0
405 180
2
0 0 0 515 221 20
0 1 1 450 250 8
0
406 181
2
0 0 0 515 221 25
0 1 1 450 250 7
0
407 182
2
0 0 0 515 221 30
0 1 1 450 250 6
0
408 183
2
0 0 0 440 225 30
0 1 1 450 250 5
0
409 184
2
0 0 0 365 229 30
0 1 1 450 250 4
0
410 185
2
0 0 0 290 233 30
0 1 1 450 250 3
0
411 186
2
0 0 0 215 238 30
0 1 1 450 250 2
0
412 187
2
0 0 0 140 243 30
0 1 1 450 250 1
0
443 188
2
0 0 0 65 248 0
0 1 1 450 250 0
0
444 189
2
0 0 0 139 243 0
0 1 1 450 250 10
1
500 250
445 190
2
0 0 0 213 238 0
0 1 1 450 250 9
0
446 191
2
0 0 0 287 233 0
0 1 1 450 250 8
0
447 192
2
0 0 0 361 229 0
0 1 1 450 250 7
0
448 193
2
0 0 0 435 225 0
0 1 1 450 250 6
0
449 194
2
0 0 0 509 221 5
0 1 1 450 250 5
0
450 195
2
0 0 0 515 221 10
0 1 1 450 250 4
0
451 196
2
0 0 0 515 221 15
0 1 1 450 250 3
0
452 197
2
0 0 0 515 221 20
0 1 1 450 250 2
0
453 198
2
0 0 0 515 221 25
0 1 1 450 250 1
0
454 199
2
0 0 0 515 221 30
0 1 1 450 250 0
0
455 200
2
0 0 0 440 225 30
0 1 1 450 250 10
1
500 250
