0
355 100
2
485 279
515 221
201
100 100
2
0 0 0 33 128 0
1 0 0 926 362 0
0
25 100
3
0 0 0 106 142 0
0 1 1 49 394 0
1 0 0 853 342 0
0
25 100
3
0 0 0 179 156 0
0 1 1 96 377 0
1 0 0 780 323 0
0
25 100
3
0 0 0 252 170 0
0 1 1 143 360 0
1 0 0 707 304 0
0
25 100
3
0 0 0 325 184 0
0 1 1 190 343 0
1 0 0 634 285 0
0
25 100
3
0 0 0 398 198 0
0 1 1 237 326 0
1 0 0 561 266 0
0
25 100
3
0 0 0 471 212 0
0 1 1 284 309 0
1 0 0 500 250 0
0
25 100
3
0 0 0 515 221 5
0 1 1 331 292 0
1 0 0 500 250 0
0
25 100
3
0 0 0 515 221 10
0 1 1 378 275 0
1 0 0 500 250 0
0
25 100
3
0 0 0 515 221 15
0 1 1 425 258 0
1 0 0 500 250 0
0
25 100
3
0 0 0 515 221 20
0 1 1 450 250 0
1 0 0 500 250 0
0
25 100
2
0 0 0 515 221 25
0 1 1 450 250 10
1
500 250
25 100
2
0 0 0 515 221 30
0 1 1 450 250 9
0
25 100
2
0 0 0 440 225 30
0 1 1 450 250 8
0
25 100
2
0 0 0 365 229 30
0 1 1 450 250 7
0
25 100
2
0 0 0 290 233 30
0 1 1 450 250 6
0
25 100
2
0 0 0 215 238 30
0 1 1 450 250 5
0
25 100
2
0 0 0 140 243 30
0 1 1 450 250 4
0
55 100
2
0 0 0 65 248 0
0 1 1 450 250 3
0
55 100
2
0 0 0 139 243 0
0 1 1 450 250 2
0
55 100
2
0 0 0 213 238 0
0 1 1 450 250 1
0
55 100
2
0 0 0 287 233 0
0 1 1 450 250 0
0
55 100
2
0 0 0 361 229 0
0 1 1 450 250 10
1
500 250
55 100
2
0 0 0 435 225 0
0 1 1 450 250 9
0
55 100
2
0 0 0 509 221 5
0 1 1 450 250 8
0
55 100
2
0 0 0 515 221 10
0 1 1 450 250 7
0
55 100
2
0 0 0 515 221 15
0 1 1 450 250 6
0
55 100
2
0 0 0 515 221 20
0 1 1 450 250 5
0
55 100
2
0 0 0 515 221 25
0 1 1 450 250 4
0
55 100
2
0 0 0 515 221 30
0 1 1 450 250 3
0
55 100
2
0 0 0 440 225 30
0 1 1 450 250 2
0
55 100
2
0 0 0 365 229 30
0 1 1 450 250 1
0
55 100
2
0 0 0 290 233 30
0 1 1 450 250 0
0
55 100
2
0 0 0 215 238 30
0 1 1 450 250 10
1
500 250
55 100
2
0 0 0 140 243 30
0 1 1 450 250 9
0
85 100
2
0 0 0 65 248 0
0 1 1 450 250 8
0
85 100
2
0 0 0 139 243 0
0 1 1 450 250 7
0
85 100
2
0 0 0 213 238 0
0 1 1 450 250 6
0
85 100
2
0 0 0 287 233 0
0 1 1 450 250 5
0
85 100
2
0 0 0 361 229 0
0 1 1 450 250 4
0
85 100
2
0 0 0 435 225 0
0 1 1 450 250 3
0
85 100
2
0 0 0 509 221 5
0 1 1 450 250 2
0
85 100
2
0 0 0 515 221 10
0 1 1 450 250 1
0
85 100
2
0 0 0 515 221 15
0 1 1 450 250 0
0
85 100
2
0 0 0 515 221 20
0 1 1 450 250 10
1
500 250
85 100
2
0 0 0 515 221 25
0 1 1 450 250 9
0
85 100
2
0 0 0 515 221 30
0 1 1 450 250 8
0
85 100
2
0 0 0 440 225 30
0 1 1 450 250 7
0
85 100
2
0 0 0 365 229 30
0 1 1 450 250 6
0
85 100
2
0 0 0 290 233 30
0 1 1 450 250 5
0
85 100
2
0 0 0 215 238 30
0 1 1 450 250 4
0
85 100
2
0 0 0 140 243 30
0 1 1 450 250 3
0
115 100
2
0 0 0 65 248 0
0 1 1 450 250 2
0
115 100
2
0 0 0 139 243 0
0 1 1 450 250 1
0
115 100
2
0 0 0 213 238 0
0 1 1 450 250 0
0
115 100
2
0 0 0 287 233 0
0 1 1 450 250 10
1
500 250
115 100
2
0 0 0 361 229 0
0 1 1 450 250 9
0
115 100
2
0 0 0 435 225 0
0 1 1 450 250 8
0
115 100
2
0 0 0 509 221 5
0 1 1 450 250 7
0
115 100
2
0 0 0 515 221 10
0 1 1 450 250 6
0
115 100
2
0 0 0 515 221 15
0 1 1 450 250 5
0
115 100
2
0 0 0 515 221 20
0 1 1 450 250 4
0
115 100
2
0 0 0 515 221 25
0 1 1 450 250 3
0
115 100
2
0 0 0 515 221 30
0 1 1 450 250 2
0
115 100
2
0 0 0 440 225 30
0 1 1 450 250 1
0
115 100
2
0 0 0 365 229 30
0 1 1 450 250 0
0
115 100
2
0 0 0 290 233 30
0 1 1 450 250 10
1
500 250
115 100
2
0 0 0 215 238 30
0 1 1 450 250 9
0
115 100
2
0 0 0 140 243 30
0 1 1 450 250 8
0
145 100
2
0 0 0 65 248 0
0 1 1 450 250 7
0
145 100
2
0 0 0 139 243 0
0 1 1 450 250 6
0
145 100
2
0 0 0 213 238 0
0 1 1 450 250 5
0
145 100
2
0 0 0 287 233 0
0 1 1 450 250 4
0
145 100
2
0 0 0 361 229 0
0 1 1 450 250 3
0
145 100
2
0 0 0 435 225 0
0 1 1 450 250 2
0
145 100
2
0 0 0 509 221 5
0 1 1 450 250 1
0
145 100
2
0 0 0 515 221 10
0 1 1 450 250 0
0
145 100
2
0 0 0 515 221 15
0 1 1 450 250 10
1
500 250
145 100
2
0 0 0 515 221 20
0 1 1 450 250 9
0
145 100
2
0 0 0 515 221 25
0 1 1 450 250 8
0
145 100
2
0 0 0 515 221 30
0 1 1 450 250 7
0
145 100
2
0 0 0 440 225 30
0 1 1 450 250 6
0
145 100
2
0 0 0 365 229 30
0 1 1 450 250 5
0
145 100
2
0 0 0 290 233 30
0 1 1 450 250 4
0
145 100
2
0 0 0 215 238 30
0 1 1 450 250 3
0
145 100
2
0 0 0 140 243 30
0 1 1 450 250 2
0
175 100
2
0 0 0 65 248 0
0 1 1 450 250 1
0
175 100
2
0 0 0 139 243 0
0 1 1 450 250 0
0
175 100
2
0 0 0 213 238 0
0 1 1 450 250 10
1
500 250
175 100
2
0 0 0 287 233 0
0 1 1 450 250 9
0
175 100
2
0 0 0 361 229 0
0 1 1 450 250 8
0
175 100
2
0 0 0 435 225 0
0 1 1 450 250 7
0
175 100
2
0 0 0 509 221 5
0 1 1 450 250 6
0
175 100
2
0 0 0 515 221 10
0 1 1 450 250 5
0
175 100
2
0 0 0 515 221 15
0 1 1 450 250 4
0
175 100
2
0 0 0 515 221 20
0 1 1 450 250 3
0
175 100
2
0 0 0 515 221 25
0 1 1 450 250 2
0
175 100
2
0 0 0 515 221 30
0 1 1 450 250 1
0
175 100
2
0 0 0 440 225 30
0 1 1 450 250 0
0
175 100
2
0 0 0 365 229 30
0 1 1 450 250 10
1
500 250
175 100
2
0 0 0 290 233 30
0 1 1 450 250 9
0
175 100
2
0 0 0 215 238 30
0 1 1 450 250 8
0
175 100
2
0 0 0 140 243 30
0 1 1 450 250 7
0
205 100
2
0 0 0 65 248 0
0 1 1 450 250 6
0
205 100
2
0 0 0 139 243 0
0 1 1 450 250 5
0
205 100
2
0 0 0 213 238 0
0 1 1 450 250 4
0
205 100
2
0 0 0 287 233 0
0 1 1 450 250 3
0
205 100
2
0 0 0 361 229 0
0 1 1 450 250 2
0
205 100
2
0 0 0 435 225 0
0 1 1 450 250 1
0
205 100
2
0 0 0 509 221 5
0 1 1 450 250 0
0
205 100
2
0 0 0 515 221 10
0 1 1 450 250 10
1
500 250
205 100
2
0 0 0 515 221 15
0 1 1 450 250 9
0
205 100
2
0 0 0 515 221 20
0 1 1 450 250 8
0
205 100
2
0 0 0 515 221 25
0 1 1 450 250 7
0
205 100
2
0 0 0 515 221 30
0 1 1 450 250 6
0
205 100
2
0 0 0 440 225 30
0 1 1 450 250 5
0
205 100
2
0 0 0 365 229 30
0 1 1 450 250 4
0
205 100
2
0 0 0 290 233 30
0 1 1 450 250 3
0
205 100
2
0 0 0 215 238 30
0 1 1 450 250 2
0
205 100
2
0 0 0 140 243 30
0 1 1 450 250 1
0
235 100
2
0 0 0 65 248 0
0 1 1 450 250 0
0
235 100
2
0 0 0 139 243 0
0 1 1 450 250 10
1
500 250
235 100
2
0 0 0 213 238 0
0 1 1 450 250 9
0
235 100
2
0 0 0 287 233 0
0 1 1 450 250 8
0
235 100
2
0 0 0 361 229 0
0 1 1 450 250 7
0
235 100
2
0 0 0 435 225 0
0 1 1 450 250 6
0
235 100
2
0 0 0 509 221 5
0 1 1 450 250 5
0
235 100
2
0 0 0 515 221 10
0 1 1 450 250 4
0
235 100
2
0 0 0 515 221 15
0 1 1 450 250 3
0
235 100
2
0 0 0 515 221 20
0 1 1 450 250 2
0
235 100
2
0 0 0 515 221 25
0 1 1 450 250 1
0
235 100
2
0 0 0 515 221 30
0 1 1 450 250 0
0
235 100
2
0 0 0 440 225 30
0 1 1 450 250 10
1
500 250
235 100
2
0 0 0 365 229 30
0 1 1 450 250 9
0
235 100
2
0 0 0 290 233 30
0 1 1 450 250 8
0
235 100
2
0 0 0 215 238 30
0 1 1 450 250 7
0
235 100
2
0 0 0 140 243 30
0 1 1 450 250 6
0
265 100
2
0 0 0 65 248 0
0 1 1 450 250 5
0
265 100
2
0 0 0 139 243 0
0 1 1 450 250 4
0
265 100
2
0 0 0 213 238 0
0 1 1 450 250 3
0
265 100
2
0 0 0 287 233 0
0 1 1 450 250 2
0
265 100
2
0 0 0 361 229 0
0 1 1 450 250 1
0
265 100
2
0 0 0 435 225 0
0 1 1 450 250 0
0
265 100
2
0 0 0 509 221 5
0 1 1 450 250 10
1
500 250
265 100
2
0 0 0 515 221 10
0 1 1 450 250 9
0
265 100
2
0 0 0 515 221 15
0 1 1 450 250 8
0
265 100
2
0 0 0 515 221 20
0 1 1 450 250 7
0
265 100
2
0 0 0 515 221 25
0 1 1 450 250 6
0
265 100
2
0 0 0 515 221 30
0 1 1 450 250 5
0
265 100
2
0 0 0 440 225 30
0 1 1 450 250 4
0
265 100
2
0 0 0 365 229 30
0 1 1 450 250 3
0
265 100
2
0 0 0 290 233 30
0 1 1 450 250 2
0
265 100
2
0 0 0 215 238 30
0 1 1 450 250 1
0
265 100
2
0 0 0 140 243 30
0 1 1 450 250 0
0
295 100
2
0 0 0 65 248 0
0 1 1 450 250 10
1
500 250
295 100
2
0 0 0 139 243 0
0 1 1 450 250 9
0
295 100
2
0 0 0 213 238 0
0 1 1 450 250 8
0
295 100
2
0 0 0 287 233 0
0 1 1 450 250 7
0
295 100
2
0 0 0 361 229 0
0 1 1 450 250 6
0
295 100
2
0 0 0 435 225 0
0 1 1 450 250 5
0
295 100
2
0 0 0 509 221 5
0 1 1 450 250 4
0
295 100
2
0 0 0 515 221 10
0 1 1 450 250 3
0
295 100
2
0 0 0 515 221 15
0 1 1 450 250 2
0
295 100
2
0 0 0 515 221 20
0 1 1 450 250 1
0
295 100
2
0 0 0 515 221 25
0 1 1 450 250 0
0
295 100
2
0 0 0 515 221 30
0 1 1 450 250 10
1
500 250
295 100
2
0 0 0 440 225 30
0 1 1 450 250 9
0
295 100
2
0 0 0 365 229 30
0 1 1 450 250 8
0
295 100
2
0 0 0 290 233 30
0 1 1 450 250 7
0
295 100
2
0 0 0 215 238 30
0 1 1 450 250 6
0
295 100
2
0 0 0 140 243 30
0 1 1 450 250 5
0
325 100
2
0 0 0 65 248 0
0 1 1 450 250 4
0
325 100
2
0 0 0 139 243 0
0 1 1 450 250 3
0
325 100
2
0 0 0 213 238 0
0 1 1 450 250 2
0
325 100
2
0 0 0 287 233 0
0 1 1 450 250 1
0
325 100
2
0 0 0 361 229 0
0 1 1 450 250 0
0
325 100
2
0 0 0 435 225 0
0 1 1 450 250 10
1
500 250
325 100
2
0 0 0 509 221 5
0 1 1 450 250 9
0
325 100
2
0 0 0 515 221 10
0 1 1 450 250 8
0
325 100
2
0 0 0 515 221 15
0 1 1 450 250 7
0
325 100
2
0 0 0 515 221 20
0 1 1 450 250 6
0
325 100
2
0 0 0 515 221 25
0 1 1 450 250 5
0
325 100
2
0 0 0 515 221 30
0 1 1 450 250 4
0
325 100
2
0 0 0 440 225 30
0 1 1 450 250 3
0
325 100
2
0 0 0 365 229 30
0 1 1 450 250 2
0
325 100
2
0 0 0 290 233 30
0 1 1 450 250 1
0
325 100
2
0 0 0 215 238 30
0 1 1 450 250 0
0
325 100
2
0 0 0 140 243 30
0 1 1 450 250 10
1
500 250
355 100
2
0 0 0 65 248 0
0 1 1 450 250 9
0
355 100
2
0 0 0 139 243 0
0 1 1 450 250 8
0
355 100
2
0 0 0 213 238 0
0 1 1 450 250 7
0
355 100
2
0 0 0 287 233 0
0 1 1 450 250 6
0
355 100
2
0 0 0 361 229 0
0 1 1 450 250 5
0
355 100
2
0 0 0 435 225 0
0 1 1 450 250 4
0
355 100
2
0 0 0 509 221 5
0 1 1 450 250 3
0
355 100
2
0 0 0 515 221 10
0 1 1 450 250 2
0
355 100
2
0 0 0 515 221 15
0 1 1 450 250 1
0
355 100
2
0 0 0 515 221 20
0 1 1 450 250 0
0
355 100
2
0 0 0 515 221 25
0 1 1 450 250 10
1
500 250
355 100
2
0 0 0 515 221 30
0 1 1 450 250 9
0
355 100
2
0 0 0 440 225 30
0 1 1 450 250 8
0
