0
825 100
4
678 219
322 281
334 177
666 323
201
100 100
2
0 0 0 50 51 0
1 0 0 961 158 0
0
25 100
3
0 0 0 118 81 0
0 1 1 26 121 0
1 0 0 887 172 0
0
25 100
3
0 0 0 186 111 0
0 1 1 73 135 0
1 0 0 813 186 0
0
25 100
3
0 0 0 254 141 0
0 1 1 120 149 0
1 0 0 739 201 0
0
25 100
3
0 0 0 322 171 10
0 1 1 167 163 0
1 0 0 665 216 10
0
25 100
3
0 0 0 390 201 10
0 1 1 214 177 0
1 0 0 591 231 10
0
25 100
3
0 0 0 458 231 10
0 1 1 261 191 0
1 0 0 517 246 10
0
25 100
3
0 0 0 526 261 10
0 1 1 308 205 0
1 0 0 500 250 10
0
25 100
3
0 0 0 594 291 10
0 1 1 355 220 0
1 0 0 500 250 10
0
25 100
3
0 0 0 662 321 20
0 1 1 402 235 0
1 0 0 500 250 10
0
25 100
3
0 0 0 666 323 30
0 1 1 449 249 0
1 0 0 500 250 10
0
25 100
3
0 0 0 666 323 40
0 1 1 450 250 0
1 0 0 500 250 10
0
25 100
2
0 0 0 666 323 50
0 1 1 450 250 5
1
500 250
25 100
2
0 0 0 666 323 60
0 1 1 450 250 4
0
25 100
2
0 0 0 666 323 70
0 1 1 450 250 3
0
25 100
2
0 0 0 666 323 80
0 1 1 450 250 2
0
25 100
2
0 0 0 666 323 90
0 1 1 450 250 1
0
25 100
2
0 0 0 666 323 100
0 1 1 450 250 0
0
25 100
2
0 0 0 591 314 100
0 1 1 450 250 5
1
500 250
25 100
2
0 0 0 516 305 100
0 1 1 450 250 4
0
25 100
2
0 0 0 441 296 100
0 1 1 450 250 3
0
25 100
2
0 0 0 366 287 100
0 1 1 450 250 2
0
25 100
2
0 0 0 291 278 100
0 1 1 450 250 1
0
25 100
2
0 0 0 216 269 100
0 1 1 450 250 0
0
25 100
2
0 0 0 141 260 100
0 1 1 450 250 5
1
500 250
125 100
2
0 0 0 66 251 0
0 1 1 450 250 4
0
125 100
2
0 0 0 140 259 0
0 1 1 450 250 3
0
125 100
2
0 0 0 214 268 0
0 1 1 450 250 2
0
125 100
2
0 0 0 288 277 0
0 1 1 450 250 1
0
125 100
2
0 0 0 362 286 0
0 1 1 450 250 0
0
125 100
2
0 0 0 436 295 0
0 1 1 450 250 5
1
500 250
125 100
2
0 0 0 510 304 0
0 1 1 450 250 4
0
125 100
2
0 0 0 584 313 0
0 1 1 450 250 3
0
125 100
2
0 0 0 658 322 10
0 1 1 450 250 2
0
125 100
2
0 0 0 666 323 20
0 1 1 450 250 1
0
125 100
2
0 0 0 666 323 30
0 1 1 450 250 0
0
125 100
2
0 0 0 666 323 40
0 1 1 450 250 5
1
500 250
125 100
2
0 0 0 666 323 50
0 1 1 450 250 4
0
125 100
2
0 0 0 666 323 60
0 1 1 450 250 3
0
125 100
2
0 0 0 666 323 70
0 1 1 450 250 2
0
125 100
2
0 0 0 666 323 80
0 1 1 450 250 1
0
125 100
2
0 0 0 666 323 90
0 1 1 450 250 0
0
125 100
2
0 0 0 666 323 100
0 1 1 450 250 5
1
500 250
125 100
2
0 0 0 591 314 100
0 1 1 450 250 4
0
125 100
2
0 0 0 516 305 100
0 1 1 450 250 3
0
125 100
2
0 0 0 441 296 100
0 1 1 450 250 2
0
125 100
2
0 0 0 366 287 100
0 1 1 450 250 1
0
125 100
2
0 0 0 291 278 100
0 1 1 450 250 0
0
125 100
2
0 0 0 216 269 100
0 1 1 450 250 5
1
500 250
125 100
2
0 0 0 141 260 100
0 1 1 450 250 4
0
225 100
2
0 0 0 66 251 0
0 1 1 450 250 3
0
225 100
2
0 0 0 140 259 0
0 1 1 450 250 2
0
225 100
2
0 0 0 214 268 0
0 1 1 450 250 1
0
225 100
2
0 0 0 288 277 0
0 1 1 450 250 0
0
225 100
2
0 0 0 362 286 0
0 1 1 450 250 5
1
500 250
225 100
2
0 0 0 436 295 0
0 1 1 450 250 4
0
225 100
2
0 0 0 510 304 0
0 1 1 450 250 3
0
225 100
2
0 0 0 584 313 0
0 1 1 450 250 2
0
225 100
2
0 0 0 658 322 10
0 1 1 450 250 1
0
225 100
2
0 0 0 666 323 20
0 1 1 450 250 0
0
225 100
2
0 0 0 666 323 30
0 1 1 450 250 5
1
500 250
225 100
2
0 0 0 666 323 40
0 1 1 450 250 4
0
225 100
2
0 0 0 666 323 50
0 1 1 450 250 3
0
225 100
2
0 0 0 666 323 60
0 1 1 450 250 2
0
225 100
2
0 0 0 666 323 70
0 1 1 450 250 1
0
225 100
2
0 0 0 666 323 80
0 1 1 450 250 0
0
225 100
2
0 0 0 666 323 90
0 1 1 450 250 5
1
500 250
225 100
2
0 0 0 666 323 100
0 1 1 450 250 4
0
225 100
2
0 0 0 591 314 100
0 1 1 450 250 3
0
225 100
2
0 0 0 516 305 100
0 1 1 450 250 2
0
225 100
2
0 0 0 441 296 100
0 1 1 450 250 1
0
225 100
2
0 0 0 366 287 100
0 1 1 450 250 0
0
225 100
2
0 0 0 291 278 100
0 1 1 450 250 5
1
500 250
225 100
2
0 0 0 216 269 100
0 1 1 450 250 4
0
225 100
2
0 0 0 141 260 100
0 1 1 450 250 3
0
325 100
2
0 0 0 66 251 0
0 1 1 450 250 2
0
325 100
2
0 0 0 140 259 0
0 1 1 450 250 1
0
325 100
2
0 0 0 214 268 0
0 1 1 450 250 0
0
325 100
2
0 0 0 288 277 0
0 1 1 450 250 5
1
500 250
325 100
2
0 0 0 362 286 0
0 1 1 450 250 4
0
325 100
2
0 0 0 436 295 0
0 1 1 450 250 3
0
325 100
2
0 0 0 510 304 0
0 1 1 450 250 2
0
325 100
2
0 0 0 584 313 0
0 1 1 450 250 1
0
325 100
2
0 0 0 658 322 10
0 1 1 450 250 0
0
325 100
2
0 0 0 666 323 20
0 1 1 450 250 5
1
500 250
325 100
2
0 0 0 666 323 30
0 1 1 450 250 4
0
325 100
2
0 0 0 666 323 40
0 1 1 450 250 3
0
325 100
2
0 0 0 666 323 50
0 1 1 450 250 2
0
325 100
2
0 0 0 666 323 60
0 1 1 450 250 1
0
325 100
2
0 0 0 666 323 70
0 1 1 450 250 0
0
325 100
2
0 0 0 666 323 80
0 1 1 450 250 5
1
500 250
325 100
2
0 0 0 666 323 90
0 1 1 450 250 4
0
325 100
2
0 0 0 666 323 100
0 1 1 450 250 3
0
325 100
2
0 0 0 591 314 100
0 1 1 450 250 2
0
325 100
2
0 0 0 516 305 100
0 1 1 450 250 1
0
325 100
2
0 0 0 441 296 100
0 1 1 450 250 0
0
325 100
2
0 0 0 366 287 100
0 1 1 450 250 5
1
500 250
325 100
2
0 0 0 291 278 100
0 1 1 450 250 4
0
325 100
2
0 0 0 216 269 100
0 1 1 450 250 3
0
325 100
2
0 0 0 141 260 100
0 1 1 450 250 2
0
425 100
2
0 0 0 66 251 0
0 1 1 450 250 1
0
425 100
2
0 0 0 140 259 0
0 1 1 450 250 0
0
425 100
2
0 0 0 214 268 0
0 1 1 450 250 5
1
500 250
425 100
2
0 0 0 288 277 0
0 1 1 450 250 4
0
425 100
2
0 0 0 362 286 0
0 1 1 450 250 3
0
425 100
2
0 0 0 436 295 0
0 1 1 450 250 2
0
425 100
2
0 0 0 510 304 0
0 1 1 450 250 1
0
425 100
2
0 0 0 584 313 0
0 1 1 450 250 0
0
425 100
2
0 0 0 658 322 10
0 1 1 450 250 5
1
500 250
425 100
2
0 0 0 666 323 20
0 1 1 450 250 4
0
425 100
2
0 0 0 666 323 30
0 1 1 450 250 3
0
425 100
2
0 0 0 666 323 40
0 1 1 450 250 2
0
425 100
2
0 0 0 666 323 50
0 1 1 450 250 1
0
425 100
2
0 0 0 666 323 60
0 1 1 450 250 0
0
425 100
2
0 0 0 666 323 70
0 1 1 450 250 5
1
500 250
425 100
2
0 0 0 666 323 80
0 1 1 450 250 4
0
425 100
2
0 0 0 666 323 90
0 1 1 450 250 3
0
425 100
2
0 0 0 666 323 100
0 1 1 450 250 2
0
425 100
2
0 0 0 591 314 100
0 1 1 450 250 1
0
425 100
2
0 0 0 516 305 100
0 1 1 450 250 0
0
425 100
2
0 0 0 441 296 100
0 1 1 450 250 5
1
500 250
425 100
2
0 0 0 366 287 100
0 1 1 450 250 4
0
425 100
2
0 0 0 291 278 100
0 1 1 450 250 3
0
425 100
2
0 0 0 216 269 100
0 1 1 450 250 2
0
425 100
2
0 0 0 141 260 100
0 1 1 450 250 1
0
525 100
2
0 0 0 66 251 0
0 1 1 450 250 0
0
525 100
2
0 0 0 140 259 0
0 1 1 450 250 5
1
500 250
525 100
2
0 0 0 214 268 0
0 1 1 450 250 4
0
525 100
2
0 0 0 288 277 0
0 1 1 450 250 3
0
525 100
2
0 0 0 362 286 0
0 1 1 450 250 2
0
525 100
2
0 0 0 436 295 0
0 1 1 450 250 1
0
525 100
2
0 0 0 510 304 0
0 1 1 450 250 0
0
525 100
2
0 0 0 584 313 0
0 1 1 450 250 5
1
500 250
525 100
2
0 0 0 658 322 10
0 1 1 450 250 4
0
525 100
2
0 0 0 666 323 20
0 1 1 450 250 3
0
525 100
2
0 0 0 666 323 30
0 1 1 450 250 2
0
525 100
2
0 0 0 666 323 40
0 1 1 450 250 1
0
525 100
2
0 0 0 666 323 50
0 1 1 450 250 0
0
525 100
2
0 0 0 666 323 60
0 1 1 450 250 5
1
500 250
525 100
2
0 0 0 666 323 70
0 1 1 450 250 4
0
525 100
2
0 0 0 666 323 80
0 1 1 450 250 3
0
525 100
2
0 0 0 666 323 90
0 1 1 450 250 2
0
525 100
2
0 0 0 666 323 100
0 1 1 450 250 1
0
525 100
2
0 0 0 591 314 100
0 1 1 450 250 0
0
525 100
2
0 0 0 516 305 100
0 1 1 450 250 5
1
500 250
525 100
2
0 0 0 441 296 100
0 1 1 450 250 4
0
525 100
2
0 0 0 366 287 100
0 1 1 450 250 3
0
525 100
2
0 0 0 291 278 100
0 1 1 450 250 2
0
525 100
2
0 0 0 216 269 100
0 1 1 450 250 1
0
525 100
2
0 0 0 141 260 100
0 1 1 450 250 0
0
625 100
2
0 0 0 66 251 0
0 1 1 450 250 5
1
500 250
625 100
2
0 0 0 140 259 0
0 1 1 450 250 4
0
625 100
2
0 0 0 214 268 0
0 1 1 450 250 3
0
625 100
2
0 0 0 288 277 0
0 1 1 450 250 2
0
625 100
2
0 0 0 362 286 0
0 1 1 450 250 1
0
625 100
2
0 0 0 436 295 0
0 1 1 450 250 0
0
625 100
2
0 0 0 510 304 0
0 1 1 450 250 5
1
500 250
625 100
2
0 0 0 584 313 0
0 1 1 450 250 4
0
625 100
2
0 0 0 658 322 10
0 1 1 450 250 3
0
625 100
2
0 0 0 666 323 20
0 1 1 450 250 2
0
625 100
2
0 0 0 666 323 30
0 1 1 450 250 1
0
625 100
2
0 0 0 666 323 40
0 1 1 450 250 0
0
625 100
2
0 0 0 666 323 50
0 1 1 450 250 5
1
500 250
625 100
2
0 0 0 666 323 60
0 1 1 450 250 4
0
625 100
2
0 0 0 666 323 70
0 1 1 450 250 3
0
625 100
2
0 0 0 666 323 80
0 1 1 450 250 2
0
625 100
2
0 0 0 666 323 90
0 1 1 450 250 1
0
625 100
2
0 0 0 666 323 100
0 1 1 450 250 0
0
625 100
2
0 0 0 591 314 100
0 1 1 450 250 5
1
500 250
625 100
2
0 0 0 516 305 100
0 1 1 450 250 4
0
625 100
2
0 0 0 441 296 100
0 1 1 450 250 3
0
625 100
2
0 0 0 366 287 100
0 1 1 450 250 2
0
625 100
2
0 0 0 291 278 100
0 1 1 450 250 1
0
625 100
2
0 0 0 216 269 100
0 1 1 450 250 0
0
625 100
2
0 0 0 141 260 100
0 1 1 450 250 5
1
500 250
725 100
2
0 0 0 66 251 0
0 1 1 450 250 4
0
725 100
2
0 0 0 140 259 0
0 1 1 450 250 3
0
725 100
2
0 0 0 214 268 0
0 1 1 450 250 2
0
725 100
2
0 0 0 288 277 0
0 1 1 450 250 1
0
725 100
2
0 0 0 362 286 0
0 1 1 450 250 0
0
725 100
2
0 0 0 436 295 0
0 1 1 450 250 5
1
500 250
725 100
2
0 0 0 510 304 0
0 1 1 450 250 4
0
725 100
2
0 0 0 584 313 0
0 1 1 450 250 3
0
725 100
2
0 0 0 658 322 10
0 1 1 450 250 2
0
725 100
2
0 0 0 666 323 20
0 1 1 450 250 1
0
725 100
2
0 0 0 666 323 30
0 1 1 450 250 0
0
725 100
2
0 0 0 666 323 40
0 1 1 450 250 5
1
500 250
725 100
2
0 0 0 666 323 50
0 1 1 450 250 4
0
725 100
2
0 0 0 666 323 60
0 1 1 450 250 3
0
725 100
2
0 0 0 666 323 70
0 1 1 450 250 2
0
725 100
2
0 0 0 666 323 80
0 1 1 450 250 1
0
725 100
2
0 0 0 666 323 90
0 1 1 450 250 0
0
725 100
2
0 0 0 666 323 100
0 1 1 450 250 5
1
500 250
725 100
2
0 0 0 591 314 100
0 1 1 450 250 4
0
725 100
2
0 0 0 516 305 100
0 1 1 450 250 3
0
725 100
2
0 0 0 441 296 100
0 1 1 450 250 2
0
725 100
2
0 0 0 366 287 100
0 1 1 450 250 1
0
725 100
2
0 0 0 291 278 100
0 1 1 450 250 0
0
725 100
2
0 0 0 216 269 100
0 1 1 450 250 5
1
500 250
725 100
2
0 0 0 141 260 100
0 1 1 450 250 4
0
825 100
2
0 0 0 66 251 0
0 1 1 450 250 3
0
