0
1625 100
4
624 318
376 182
650 319
350 181
201
100 100
2
0 0 0 75 148 0
1 0 0 925 332 0
25 100
3
0 0 0 149 156 0
0 1 1 46 240 0
1 0 0 851 317 0
25 100
3
0 0 0 223 165 0
0 1 1 95 241 0
1 0 0 777 302 0
25 100
3
0 0 0 297 174 0
0 1 1 144 242 0
1 0 0 703 288 0
25 100
3
0 0 0 350 181 20
0 1 1 193 243 0
1 0 0 629 274 0
25 100
3
0 0 0 350 181 40
0 1 1 242 244 0
1 0 0 555 260 0
25 100
3
0 0 0 350 181 60
0 1 1 291 245 0
1 0 0 500 250 0
25 100
3
0 0 0 350 181 80
0 1 1 340 246 0
1 0 0 500 250 0
25 100
3
0 0 0 350 181 100
0 1 1 389 247 0
1 0 0 500 250 0
25 100
3
0 0 0 276 197 100
0 1 1 438 249 0
1 0 0 500 250 0
25 100
3
0 0 0 202 214 100
0 1 1 450 250 0
1 0 0 500 250 0
25 100
2
0 0 0 129 231 100
0 1 1 450 250 5
125 100
2
0 0 0 56 248 0
0 1 1 450 250 4
125 100
2
0 0 0 129 231 0
0 1 1 450 250 3
125 100
2
0 0 0 202 214 0
0 1 1 450 250 2
125 100
2
0 0 0 275 197 0
0 1 1 450 250 1
125 100
2
0 0 0 348 181 20
0 1 1 450 250 0
125 100
2
0 0 0 350 181 40
0 1 1 450 250 5
125 100
2
0 0 0 350 181 60
0 1 1 450 250 4
125 100
2
0 0 0 350 181 80
0 1 1 450 250 3
125 100
2
0 0 0 350 181 100
0 1 1 450 250 2
125 100
2
0 0 0 276 197 100
0 1 1 450 250 1
125 100
2
0 0 0 202 214 100
0 1 1 450 250 0
125 100
2
0 0 0 129 231 100
0 1 1 450 250 5
225 100
2
0 0 0 56 248 0
0 1 1 450 250 4
225 100
2
0 0 0 129 231 0
0 1 1 450 250 3
225 100
2
0 0 0 202 214 0
0 1 1 450 250 2
225 100
2
0 0 0 275 197 0
0 1 1 450 250 1
225 100
2
0 0 0 348 181 20
0 1 1 450 250 0
225 100
2
0 0 0 350 181 40
0 1 1 450 250 5
225 100
2
0 0 0 350 181 60
0 1 1 450 250 4
225 100
2
0 0 0 350 181 80
0 1 1 450 250 3
225 100
2
0 0 0 350 181 100
0 1 1 450 250 2
225 100
2
0 0 0 276 197 100
0 1 1 450 250 1
225 100
2
0 0 0 202 214 100
0 1 1 450 250 0
225 100
2
0 0 0 129 231 100
0 1 1 450 250 5
325 100
2
0 0 0 56 248 0
0 1 1 450 250 4
325 100
2
0 0 0 129 231 0
0 1 1 450 250 3
325 100
2
0 0 0 202 214 0
0 1 1 450 250 2
325 100
2
0 0 0 275 197 0
0 1 1 450 250 1
325 100
2
0 0 0 348 181 20
0 1 1 450 250 0
325 100
2
0 0 0 350 181 40
0 1 1 450 250 5
325 100
2
0 0 0 350 181 60
0 1 1 450 250 4
325 100
2
0 0 0 350 181 80
0 1 1 450 250 3
325 100
2
0 0 0 350 181 100
0 1 1 450 250 2
325 100
2
0 0 0 276 197 100
0 1 1 450 250 1
325 100
2
0 0 0 202 214 100
0 1 1 450 250 0
325 100
2
0 0 0 129 231 100
0 1 1 450 250 5
425 100
2
0 0 0 56 248 0
0 1 1 450 250 4
425 100
2
0 0 0 129 231 0
0 1 1 450 250 3
425 100
2
0 0 0 202 214 0
0 1 1 450 250 2
425 100
2
0 0 0 275 197 0
0 1 1 450 250 1
425 100
2
0 0 0 348 181 20
0 1 1 450 250 0
425 100
2
0 0 0 350 181 40
0 1 1 450 250 5
425 100
2
0 0 0 350 181 60
0 1 1 450 250 4
425 100
2
0 0 0 350 181 80
0 1 1 450 250 3
425 100
2
0 0 0 350 181 100
0 1 1 450 250 2
425 100
2
0 0 0 276 197 100
0 1 1 450 250 1
425 100
2
0 0 0 202 214 100
0 1 1 450 250 0
425 100
2
0 0 0 129 231 100
0 1 1 450 250 5
525 100
2
0 0 0 56 248 0
0 1 1 450 250 4
525 100
2
0 0 0 129 231 0
0 1 1 450 250 3
525 100
2
0 0 0 202 214 0
0 1 1 450 250 2
525 100
2
0 0 0 275 197 0
0 1 1 450 250 1
525 100
2
0 0 0 348 181 20
0 1 1 450 250 0
525 100
2
0 0 0 350 181 40
0 1 1 450 250 5
525 100
2
0 0 0 350 181 60
0 1 1 450 250 4
525 100
2
0 0 0 350 181 80
0 1 1 450 250 3
525 100
2
0 0 0 350 181 100
0 1 1 450 250 2
525 100
2
0 0 0 276 197 100
0 1 1 450 250 1
525 100
2
0 0 0 202 214 100
0 1 1 450 250 0
525 100
2
0 0 0 129 231 100
0 1 1 450 250 5
625 100
2
0 0 0 56 248 0
0 1 1 450 250 4
625 100
2
0 0 0 129 231 0
0 1 1 450 250 3
625 100
2
0 0 0 202 214 0
0 1 1 450 250 2
625 100
2
0 0 0 275 197 0
0 1 1 450 250 1
625 100
2
0 0 0 348 181 20
0 1 1 450 250 0
625 100
2
0 0 0 350 181 40
0 1 1 450 250 5
625 100
2
0 0 0 350 181 60
0 1 1 450 250 4
625 100
2
0 0 0 350 181 80
0 1 1 450 250 3
625 100
2
0 0 0 350 181 100
0 1 1 450 250 2
625 100
2
0 0 0 276 197 100
0 1 1 450 250 1
625 100
2
0 0 0 202 214 100
0 1 1 450 250 0
625 100
2
0 0 0 129 231 100
0 1 1 450 250 5
725 100
2
0 0 0 56 248 0
0 1 1 450 250 4
725 100
2
0 0 0 129 231 0
0 1 1 450 250 3
725 100
2
0 0 0 202 214 0
0 1 1 450 250 2
725 100
2
0 0 0 275 197 0
0 1 1 450 250 1
725 100
2
0 0 0 348 181 20
0 1 1 450 250 0
725 100
2
0 0 0 350 181 40
0 1 1 450 250 5
725 100
2
0 0 0 350 181 60
0 1 1 450 250 4
725 100
2
0 0 0 350 181 80
0 1 1 450 250 3
725 100
2
0 0 0 350 181 100
0 1 1 450 250 2
725 100
2
0 0 0 276 197 100
0 1 1 450 250 1
725 100
2
0 0 0 202 214 100
0 1 1 450 250 0
725 100
2
0 0 0 129 231 100
0 1 1 450 250 5
825 100
2
0 0 0 56 248 0
0 1 1 450 250 4
825 100
2
0 0 0 129 231 0
0 1 1 450 250 3
825 100
2
0 0 0 202 214 0
0 1 1 450 250 2
825 100
2
0 0 0 275 197 0
0 1 1 450 250 1
825 100
2
0 0 0 348 181 20
0 1 1 450 250 0
825 100
2
0 0 0 350 181 40
0 1 1 450 250 5
825 100
2
0 0 0 350 181 60
0 1 1 450 250 4
825 100
2
0 0 0 350 181 80
0 1 1 450 250 3
825 100
2
0 0 0 350 181 100
0 1 1 450 250 2
825 100
2
0 0 0 276 197 100
0 1 1 450 250 1
825 100
2
0 0 0 202 214 100
0 1 1 450 250 0
825 100
2
0 0 0 129 231 100
0 1 1 450 250 5
925 100
2
0 0 0 56 248 0
0 1 1 450 250 4
925 100
2
0 0 0 129 231 0
0 1 1 450 250 3
925 100
2
0 0 0 202 214 0
0 1 1 450 250 2
925 100
2
0 0 0 275 197 0
0 1 1 450 250 1
925 100
2
0 0 0 348 181 20
0 1 1 450 250 0
925 100
2
0 0 0 350 181 40
0 1 1 450 250 5
925 100
2
0 0 0 350 181 60
0 1 1 450 250 4
925 100
2
0 0 0 350 181 80
0 1 1 450 250 3
925 100
2
0 0 0 350 181 100
0 1 1 450 250 2
925 100
2
0 0 0 276 197 100
0 1 1 450 250 1
925 100
2
0 0 0 202 214 100
0 1 1 450 250 0
925 100
2
0 0 0 129 231 100
0 1 1 450 250 5
1025 100
2
0 0 0 56 248 0
0 1 1 450 250 4
1025 100
2
0 0 0 129 231 0
0 1 1 450 250 3
1025 100
2
0 0 0 202 214 0
0 1 1 450 250 2
1025 100
2
0 0 0 275 197 0
0 1 1 450 250 1
1025 100
2
0 0 0 348 181 20
0 1 1 450 250 0
1025 100
2
0 0 0 350 181 40
0 1 1 450 250 5
1025 100
2
0 0 0 350 181 60
0 1 1 450 250 4
1025 100
2
0 0 0 350 181 80
0 1 1 450 250 3
1025 100
2
0 0 0 350 181 100
0 1 1 450 250 2
1025 100
2
0 0 0 276 197 100
0 1 1 450 250 1
1025 100
2
0 0 0 202 214 100
0 1 1 450 250 0
1025 100
2
0 0 0 129 231 100
0 1 1 450 250 5
1125 100
2
0 0 0 56 248 0
0 1 1 450 250 4
1125 100
2
0 0 0 129 231 0
0 1 1 450 250 3
1125 100
2
0 0 0 202 214 0
0 1 1 450 250 2
1125 100
2
0 0 0 275 197 0
0 1 1 450 250 1
1125 100
2
0 0 0 348 181 20
0 1 1 450 250 0
1125 100
2
0 0 0 350 181 40
0 1 1 450 250 5
1125 100
2
0 0 0 350 181 60
0 1 1 450 250 4
1125 100
2
0 0 0 350 181 80
0 1 1 450 250 3
1125 100
2
0 0 0 350 181 100
0 1 1 450 250 2
1125 100
2
0 0 0 276 197 100
0 1 1 450 250 1
1125 100
2
0 0 0 202 214 100
0 1 1 450 250 0
1125 100
2
0 0 0 129 231 100
0 1 1 450 250 5
1225 100
2
0 0 0 56 248 0
0 1 1 450 250 4
1225 100
2
0 0 0 129 231 0
0 1 1 450 250 3
1225 100
2
0 0 0 202 214 0
0 1 1 450 250 2
1225 100
2
0 0 0 275 197 0
0 1 1 450 250 1
1225 100
2
0 0 0 348 181 20
0 1 1 450 250 0
1225 100
2
0 0 0 350 181 40
0 1 1 450 250 5
1225 100
2
0 0 0 350 181 60
0 1 1 450 250 4
1225 100
2
0 0 0 350 181 80
0 1 1 450 250 3
1225 100
2
0 0 0 350 181 100
0 1 1 450 250 2
1225 100
2
0 0 0 276 197 100
0 1 1 450 250 1
1225 100
2
0 0 0 202 214 100
0 1 1 450 250 0
1225 100
2
0 0 0 129 231 100
0 1 1 450 250 5
1325 100
2
0 0 0 56 248 0
0 1 1 450 250 4
1325 100
2
0 0 0 129 231 0
0 1 1 450 250 3
1325 100
2
0 0 0 202 214 0
0 1 1 450 250 2
1325 100
2
0 0 0 275 197 0
0 1 1 450 250 1
1325 100
2
0 0 0 348 181 20
0 1 1 450 250 0
1325 100
2
0 0 0 350 181 40
0 1 1 450 250 5
1325 100
2
0 0 0 350 181 60
0 1 1 450 250 4
1325 100
2
0 0 0 350 181 80
0 1 1 450 250 3
1325 100
2
0 0 0 350 181 100
0 1 1 450 250 2
1325 100
2
0 0 0 276 197 100
0 1 1 450 250 1
1325 100
2
0 0 0 202 214 100
0 1 1 450 250 0
1325 100
2
0 0 0 129 231 100
0 1 1 450 250 5
1425 100
2
0 0 0 56 248 0
0 1 1 450 250 4
1425 100
2
0 0 0 129 231 0
0 1 1 450 250 3
1425 100
2
0 0 0 202 214 0
0 1 1 450 250 2
1425 100
2
0 0 0 275 197 0
0 1 1 450 250 1
1425 100
2
0 0 0 348 181 20
0 1 1 450 250 0
1425 100
2
0 0 0 350 181 40
0 1 1 450 250 5
1425 100
2
0 0 0 350 181 60
0 1 1 450 250 4
1425 100
2
0 0 0 350 181 80
0 1 1 450 250 3
1425 100
2
0 0 0 350 181 100
0 1 1 450 250 2
1425 100
2
0 0 0 276 197 100
0 1 1 450 250 1
1425 100
2
0 0 0 202 214 100
0 1 1 450 250 0
1425 100
2
0 0 0 129 231 100
0 1 1 450 250 5
1525 100
2
0 0 0 56 248 0
0 1 1 450 250 4
1525 100
2
0 0 0 129 231 0
0 1 1 450 250 3
1525 100
2
0 0 0 202 214 0
0 1 1 450 250 2
1525 100
2
0 0 0 275 197 0
0 1 1 450 250 1
1525 100
2
0 0 0 348 181 20
0 1 1 450 250 0
1525 100
2
0 0 0 350 181 40
0 1 1 450 250 5
1525 100
2
0 0 0 350 181 60
0 1 1 450 250 4
1525 100
2
0 0 0 350 181 80
0 1 1 450 250 3
1525 100
2
0 0 0 350 181 100
0 1 1 450 250 2
1525 100
2
0 0 0 276 197 100
0 1 1 450 250 1
1525 100
2
0 0 0 202 214 100
0 1 1 450 250 0
1525 100
2
0 0 0 129 231 100
0 1 1 450 250 5
1625 100
2
0 0 0 56 248 0
0 1 1 450 250 4
1625 100
2
0 0 0 129 231 0
0 1 1 450 250 3
1625 100
2
0 0 0 202 214 0
0 1 1 450 250 2
1625 100
2
0 0 0 275 197 0
0 1 1 450 250 1
1625 100
2
0 0 0 348 181 20
0 1 1 450 250 0
1625 100
2
0 0 0 350 181 40
0 1 1 450 250 5
1625 100
2
0 0 0 350 181 60
0 1 1 450 250 4
1625 100
2
0 0 0 350 181 80
0 1 1 450 250 3
1625 100
2
0 0 0 350 181 100
0 1 1 450 250 2
