0
655 400
2
485 279
515 221
201
0 0
2
0 0 0 33 128 0
1 0 0 926 362 0
0
2 2
2
0 0 0 106 142 0
1 0 0 853 342 0
0
4 4
2
0 0 0 179 156 0
1 0 0 780 323 0
0
6 6
2
0 0 0 252 170 0
1 0 0 707 304 0
0
8 8
2
0 0 0 325 184 0
1 0 0 634 285 0
0
10 10
2
0 0 0 398 198 0
1 0 0 561 266 0
0
12 12
2
0 0 0 471 212 0
1 0 0 500 250 0
0
14 14
2
0 0 0 515 221 5
1 0 0 500 250 0
0
16 16
2
0 0 0 515 221 10
1 0 0 500 250 0
0
18 18
2
0 0 0 515 221 15
1 0 0 500 250 0
0
20 20
2
0 0 0 515 221 20
1 0 0 500 250 0
0
22 22
2
0 0 0 515 221 25
1 0 0 500 250 0
0
24 24
2
0 0 0 515 221 30
1 0 0 500 250 0
0
26 26
2
0 0 0 440 225 30
1 0 0 500 250 0
0
28 28
2
0 0 0 365 229 30
1 0 0 500 250 0
0
30 30
2
0 0 0 290 233 30
1 0 0 500 250 0
0
32 32
2
0 0 0 215 238 30
1 0 0 500 250 0
0
34 34
2
0 0 0 140 243 30
1 0 0 500 250 0
0
66 36
2
0 0 0 65 248 0
1 0 0 500 250 0
0
68 38
2
0 0 0 139 243 0
1 0 0 500 250 0
0
70 40
2
0 0 0 213 238 0
1 0 0 500 250 0
0
72 42
2
0 0 0 287 233 0
1 0 0 500 250 0
0
74 44
2
0 0 0 361 229 0
1 0 0 500 250 0
0
76 46
2
0 0 0 435 225 0
1 0 0 500 250 0
0
3 48
3
0 0 0 509 221 5
0 1 1 49 394 0
1 0 0 500 250 0
0
5 50
3
0 0 0 515 221 10
0 1 1 96 377 0
1 0 0 500 250 0
0
7 52
3
0 0 0 515 221 15
0 1 1 143 360 0
1 0 0 500 250 0
0
9 54
3
0 0 0 515 221 20
0 1 1 190 343 0
1 0 0 500 250 0
0
11 56
3
0 0 0 515 221 25
0 1 1 237 326 0
1 0 0 500 250 0
0
13 58
3
0 0 0 515 221 30
0 1 1 284 309 0
1 0 0 500 250 0
0
15 60
3
0 0 0 440 225 30
0 1 1 331 292 0
1 0 0 500 250 0
0
17 62
3
0 0 0 365 229 30
0 1 1 378 275 0
1 0 0 500 250 0
0
19 64
3
0 0 0 290 233 30
0 1 1 425 258 0
1 0 0 500 250 0
0
21 66
3
0 0 0 215 238 30
0 1 1 450 250 0
1 0 0 500 250 0
0
23 68
2
0 0 0 140 243 30
0 1 1 450 250 10
1
500 250
55 70
2
0 0 0 65 248 0
0 1 1 450 250 9
0
57 72
2
0 0 0 139 243 0
0 1 1 450 250 8
0
59 74
2
0 0 0 213 238 0
0 1 1 450 250 7
0
61 76
2
0 0 0 287 233 0
0 1 1 450 250 6
0
63 78
2
0 0 0 361 229 0
0 1 1 450 250 5
0
65 80
2
0 0 0 435 225 0
0 1 1 450 250 4
0
67 82
2
0 0 0 509 221 5
0 1 1 450 250 3
0
69 84
2
0 0 0 515 221 10
0 1 1 450 250 2
0
71 86
2
0 0 0 515 221 15
0 1 1 450 250 1
0
73 88
2
0 0 0 515 221 20
0 1 1 450 250 0
0
75 90
2
0 0 0 515 221 25
0 1 1 450 250 10
1
500 250
77 92
2
0 0 0 515 221 30
0 1 1 450 250 9
0
79 94
2
0 0 0 440 225 30
0 1 1 450 250 8
0
81 96
2
0 0 0 365 229 30
0 1 1 450 250 7
0
83 98
2
0 0 0 290 233 30
0 1 1 450 250 6
0
85 100
2
0 0 0 215 238 30
0 1 1 450 250 5
0
87 102
2
0 0 0 140 243 30
0 1 1 450 250 4
0
119 104
2
0 0 0 65 248 0
0 1 1 450 250 3
0
121 106
2
0 0 0 139 243 0
0 1 1 450 250 2
0
123 108
2
0 0 0 213 238 0
0 1 1 450 250 1
0
125 110
2
0 0 0 287 233 0
0 1 1 450 250 0
0
127 112
2
0 0 0 361 229 0
0 1 1 450 250 10
1
500 250
129 114
2
0 0 0 435 225 0
0 1 1 450 250 9
0
131 116
2
0 0 0 509 221 5
0 1 1 450 250 8
0
133 118
2
0 0 0 515 221 10
0 1 1 450 250 7
0
135 120
2
0 0 0 515 221 15
0 1 1 450 250 6
0
137 122
2
0 0 0 515 221 20
0 1 1 450 250 5
0
139 124
2
0 0 0 515 221 25
0 1 1 450 250 4
0
141 126
2
0 0 0 515 221 30
0 1 1 450 250 3
0
143 128
2
0 0 0 440 225 30
0 1 1 450 250 2
0
145 130
2
0 0 0 365 229 30
0 1 1 450 250 1
0
147 132
2
0 0 0 290 233 30
0 1 1 450 250 0
0
149 134
2
0 0 0 215 238 30
0 1 1 450 250 10
1
500 250
151 136
2
0 0 0 140 243 30
0 1 1 450 250 9
0
183 138
2
0 0 0 65 248 0
0 1 1 450 250 8
0
185 140
2
0 0 0 139 243 0
0 1 1 450 250 7
0
187 142
2
0 0 0 213 238 0
0 1 1 450 250 6
0
189 144
2
0 0 0 287 233 0
0 1 1 450 250 5
0
191 146
2
0 0 0 361 229 0
0 1 1 450 250 4
0
193 148
2
0 0 0 435 225 0
0 1 1 450 250 3
0
195 150
2
0 0 0 509 221 5
0 1 1 450 250 2
0
197 152
2
0 0 0 515 221 10
0 1 1 450 250 1
0
199 154
2
0 0 0 515 221 15
0 1 1 450 250 0
0
201 156
2
0 0 0 515 221 20
0 1 1 450 250 10
1
500 250
203 158
2
0 0 0 515 221 25
0 1 1 450 250 9
0
205 160
2
0 0 0 515 221 30
0 1 1 450 250 8
0
207 162
2
0 0 0 440 225 30
0 1 1 450 250 7
0
209 164
2
0 0 0 365 229 30
0 1 1 450 250 6
0
211 166
2
0 0 0 290 233 30
0 1 1 450 250 5
0
213 168
2
0 0 0 215 238 30
0 1 1 450 250 4
0
215 170
2
0 0 0 140 243 30
0 1 1 450 250 3
0
247 172
2
0 0 0 65 248 0
0 1 1 450 250 2
0
249 174
2
0 0 0 139 243 0
0 1 1 450 250 1
0
251 176
2
0 0 0 213 238 0
0 1 1 450 250 0
0
253 178
2
0 0 0 287 233 0
0 1 1 450 250 10
1
500 250
255 180
2
0 0 0 361 229 0
0 1 1 450 250 9
0
257 182
2
0 0 0 435 225 0
0 1 1 450 250 8
0
259 184
2
0 0 0 509 221 5
0 1 1 450 250 7
0
261 186
2
0 0 0 515 221 10
0 1 1 450 250 6
0
263 188
2
0 0 0 515 221 15
0 1 1 450 250 5
0
265 190
2
0 0 0 515 221 20
0 1 1 450 250 4
0
267 192
2
0 0 0 515 221 25
0 1 1 450 250 3
0
269 194
2
0 0 0 515 221 30
0 1 1 450 250 2
0
271 196
2
0 0 0 440 225 30
0 1 1 450 250 1
0
273 198
2
0 0 0 365 229 30
0 1 1 450 250 0
0
275 200
2
0 0 0 290 233 30
0 1 1 450 250 10
1
500 250
277 202
2
0 0 0 215 238 30
0 1 1 450 250 9
0
279 204
2
0 0 0 140 243 30
0 1 1 450 250 8
0
311 206
2
0 0 0 65 248 0
0 1 1 450 250 7
0
313 208
2
0 0 0 139 243 0
0 1 1 450 250 6
0
315 210
2
0 0 0 213 238 0
0 1 1 450 250 5
0
317 212
2
0 0 0 287 233 0
0 1 1 450 250 4
0
319 214
2
0 0 0 361 229 0
0 1 1 450 250 3
0
321 216
2
0 0 0 435 225 0
0 1 1 450 250 2
0
323 218
2
0 0 0 509 221 5
0 1 1 450 250 1
0
325 220
2
0 0 0 515 221 10
0 1 1 450 250 0
0
327 222
2
0 0 0 515 221 15
0 1 1 450 250 10
1
500 250
329 224
2
0 0 0 515 221 20
0 1 1 450 250 9
0
331 226
2
0 0 0 515 221 25
0 1 1 450 250 8
0
333 228
2
0 0 0 515 221 30
0 1 1 450 250 7
0
335 230
2
0 0 0 440 225 30
0 1 1 450 250 6
0
337 232
2
0 0 0 365 229 30
0 1 1 450 250 5
0
339 234
2
0 0 0 290 233 30
0 1 1 450 250 4
0
341 236
2
0 0 0 215 238 30
0 1 1 450 250 3
0
343 238
2
0 0 0 140 243 30
0 1 1 450 250 2
0
375 240
2
0 0 0 65 248 0
0 1 1 450 250 1
0
377 242
2
0 0 0 139 243 0
0 1 1 450 250 0
0
379 244
2
0 0 0 213 238 0
0 1 1 450 250 10
1
500 250
381 246
2
0 0 0 287 233 0
0 1 1 450 250 9
0
383 248
2
0 0 0 361 229 0
0 1 1 450 250 8
0
385 250
2
0 0 0 435 225 0
0 1 1 450 250 7
0
387 252
2
0 0 0 509 221 5
0 1 1 450 250 6
0
389 254
2
0 0 0 515 221 10
0 1 1 450 250 5
0
391 256
2
0 0 0 515 221 15
0 1 1 450 250 4
0
393 258
2
0 0 0 515 221 20
0 1 1 450 250 3
0
395 260
2
0 0 0 515 221 25
0 1 1 450 250 2
0
397 262
2
0 0 0 515 221 30
0 1 1 450 250 1
0
399 264
2
0 0 0 440 225 30
0 1 1 450 250 0
0
401 266
2
0 0 0 365 229 30
0 1 1 450 250 10
1
500 250
403 268
2
0 0 0 290 233 30
0 1 1 450 250 9
0
405 270
2
0 0 0 215 238 30
0 1 1 450 250 8
0
407 272
2
0 0 0 140 243 30
0 1 1 450 250 7
0
439 274
2
0 0 0 65 248 0
0 1 1 450 250 6
0
441 276
2
0 0 0 139 243 0
0 1 1 450 250 5
0
443 278
2
0 0 0 213 238 0
0 1 1 450 250 4
0
445 280
2
0 0 0 287 233 0
0 1 1 450 250 3
0
447 282
2
0 0 0 361 229 0
0 1 1 450 250 2
0
449 284
2
0 0 0 435 225 0
0 1 1 450 250 1
0
451 286
2
0 0 0 509 221 5
0 1 1 450 250 0
0
453 288
2
0 0 0 515 221 10
0 1 1 450 250 10
1
500 250
455 290
2
0 0 0 515 221 15
0 1 1 450 250 9
0
457 292
2
0 0 0 515 221 20
0 1 1 450 250 8
0
459 294
2
0 0 0 515 221 25
0 1 1 450 250 7
0
461 296
2
0 0 0 515 221 30
0 1 1 450 250 6
0
463 298
2
0 0 0 440 225 30
0 1 1 450 250 5
0
465 300
2
0 0 0 365 229 30
0 1 1 450 250 4
0
467 302
2
0 0 0 290 233 30
0 1 1 450 250 3
0
469 304
2
0 0 0 215 238 30
0 1 1 450 250 2
0
471 306
2
0 0 0 140 243 30
0 1 1 450 250 1
0
503 308
2
0 0 0 65 248 0
0 1 1 450 250 0
0
505 310
2
0 0 0 139 243 0
0 1 1 450 250 10
1
500 250
507 312
2
0 0 0 213 238 0
0 1 1 450 250 9
0
509 314
2
0 0 0 287 233 0
0 1 1 450 250 8
0
511 316
2
0 0 0 361 229 0
0 1 1 450 250 7
0
513 318
2
0 0 0 435 225 0
0 1 1 450 250 6
0
515 320
2
0 0 0 509 221 5
0 1 1 450 250 5
0
517 322
2
0 0 0 515 221 10
0 1 1 450 250 4
0
519 324
2
0 0 0 515 221 15
0 1 1 450 250 3
0
521 326
2
0 0 0 515 221 20
0 1 1 450 250 2
0
523 328
2
0 0 0 515 221 25
0 1 1 450 250 1
0
525 330
2
0 0 0 515 221 30
0 1 1 450 250 0
0
527 332
2
0 0 0 440 225 30
0 1 1 450 250 10
1
500 250
529 334
2
0 0 0 365 229 30
0 1 1 450 250 9
0
531 336
2
0 0 0 290 233 30
0 1 1 450 250 8
0
533 338
2
0 0 0 215 238 30
0 1 1 450 250 7
0
535 340
2
0 0 0 140 243 30
0 1 1 450 250 6
0
567 342
2
0 0 0 65 248 0
0 1 1 450 250 5
0
569 344
2
0 0 0 139 243 0
0 1 1 450 250 4
0
571 346
2
0 0 0 213 238 0
0 1 1 450 250 3
0
573 348
2
0 0 0 287 233 0
0 1 1 450 250 2
0
575 350
2
0 0 0 361 229 0
0 1 1 450 250 1
0
577 352
2
0 0 0 435 225 0
0 1 1 450 250 0
0
579 354
2
0 0 0 509 221 5
0 1 1 450 250 10
1
500 250
581 356
2
0 0 0 515 221 10
0 1 1 450 250 9
0
583 358
2
0 0 0 515 221 15
0 1 1 450 250 8
0
585 360
2
0 0 0 515 221 20
0 1 1 450 250 7
0
587 362
2
0 0 0 515 221 25
0 1 1 450 250 6
0
589 364
2
0 0 0 515 221 30
0 1 1 450 250 5
0
591 366
2
0 0 0 440 225 30
0 1 1 450 250 4
0
593 368
2
0 0 0 365 229 30
0 1 1 450 250 3
0
595 370
2
0 0 0 290 233 30
0 1 1 450 250 2
0
597 372
2
0 0 0 215 238 30
0 1 1 450 250 1
0
599 374
2
0 0 0 140 243 30
0 1 1 450 250 0
0
631 376
2
0 0 0 65 248 0
0 1 1 450 250 10
1
500 250
633 378
2
0 0 0 139 243 0
0 1 1 450 250 9
0
635 380
2
0 0 0 213 238 0
0 1 1 450 250 8
0
637 382
2
0 0 0 287 233 0
0 1 1 450 250 7
0
639 384
2
0 0 0 361 229 0
0 1 1 450 250 6
0
641 386
2
0 0 0 435 225 0
0 1 1 450 250 5
0
643 388
2
0 0 0 509 221 5
0 1 1 450 250 4
0
645 390
2
0 0 0 515 221 10
0 1 1 450 250 3
0
647 392
2
0 0 0 515 221 15
0 1 1 450 250 2
0
649 394
2
0 0 0 515 221 20
0 1 1 450 250 1
0
651 396
2
0 0 0 515 221 25
0 1 1 450 250 0
0
653 398
2
0 0 0 515 221 30
0 1 1 450 250 10
1
500 250
655 400
2
0 0 0 440 225 30
0 1 1 450 250 9
0
