1
25 100
2
485 279
515 221
201
100 100
2
0 0 0 33 128 0
1 0 0 926 362 0
0
25 100
3
0 0 0 106 142 0
0 1 1 49 394 0
1 0 0 853 342 0
0
25 100
3
0 0 0 179 156 0
0 1 1 96 377 0
1 0 0 780 323 0
0
25 100
3
0 0 0 252 170 0
0 1 1 143 360 0
1 0 0 707 304 0
0
25 100
3
0 0 0 325 184 0
0 1 1 190 343 0
1 0 0 634 285 0
0
25 100
3
0 0 0 398 198 0
0 1 1 237 326 0
1 0 0 561 266 0
0
25 100
3
0 0 0 471 212 0
0 1 1 284 309 0
1 0 0 500 250 0
0
25 100
3
0 0 0 515 221 5
0 1 1 331 292 0
1 0 0 500 250 0
0
25 100
3
0 0 0 515 221 10
0 1 1 378 275 0
1 0 0 500 250 0
0
25 100
3
0 0 0 515 221 15
0 1 1 425 258 0
1 0 0 500 250 0
0
25 100
3
0 0 0 515 221 20
0 1 1 450 250 0
1 0 0 500 250 0
0
25 100
2
0 0 0 515 221 25
0 1 1 450 250 10
1
500 250
25 100
2
0 0 0 515 221 30
0 1 1 450 250 9
0
25 100
2
0 0 0 515 221 30
0 1 1 450 250 8
0
25 100
2
0 0 0 515 221 30
0 1 1 450 250 7
0
25 100
2
0 0 0 515 221 30
0 1 1 450 250 6
0
25 100
2
0 0 0 515 221 30
0 1 1 450 250 5
0
25 100
2
0 0 0 515 221 30
0 1 1 450 250 4
0
25 100
2
0 0 0 515 221 30
0 1 1 450 250 3
0
25 100
2
0 0 0 515 221 30
0 1 1 450 250 2
0
25 100
2
0 0 0 515 221 30
0 1 1 450 250 1
0
25 100
2
0 0 0 515 221 30
0 1 1 450 250 0
0
25 100
2
0 0 0 515 221 30
0 1 1 450 250 10
1
500 250
25 100
2
0 0 0 515 221 30
0 1 1 450 250 9
0
25 100
2
0 0 0 515 221 30
0 1 1 450 250 8
0
25 100
2
0 0 0 515 221 30
0 1 1 450 250 7
0
25 100
2
0 0 0 515 221 30
0 1 1 450 250 6
0
25 100
2
0 0 0 515 221 30
0 1 1 450 250 5
0
25 100
2
0 0 0 515 221 30
0 1 1 450 250 4
0
25 100
2
0 0 0 515 221 30
0 1 1 450 250 3
0
25 100
2
0 0 0 515 221 30
0 1 1 450 250 2
0
25 100
2
0 0 0 515 221 30
0 1 1 450 250 1
0
25 100
2
0 0 0 515 221 30
0 1 1 450 250 0
0
25 100
2
0 0 0 515 221 30
0 1 1 450 250 10
1
500 250
25 100
2
0 0 0 515 221 30
0 1 1 450 250 9
0
25 100
2
0 0 0 515 221 30
0 1 1 450 250 8
0
25 100
2
0 0 0 515 221 30
0 1 1 450 250 7
0
25 100
2
0 0 0 515 221 30
0 1 1 450 250 6
0
25 100
2
0 0 0 515 221 30
0 1 1 450 250 5
0
25 100
2
0 0 0 515 221 30
0 1 1 450 250 4
0
25 100
2
0 0 0 515 221 30
0 1 1 450 250 3
0
25 100
2
0 0 0 515 221 30
0 1 1 450 250 2
0
25 100
2
0 0 0 515 221 30
0 1 1 450 250 1
0
25 100
2
0 0 0 515 221 30
0 1 1 450 250 0
0
25 100
2
0 0 0 515 221 30
0 1 1 450 250 10
1
500 250
25 100
2
0 0 0 515 221 30
0 1 1 450 250 9
0
25 100
2
0 0 0 515 221 30
0 1 1 450 250 8
0
25 100
2
0 0 0 515 221 30
0 1 1 450 250 7
0
25 100
2
0 0 0 515 221 30
0 1 1 450 250 6
0
25 100
2
0 0 0 515 221 30
0 1 1 450 250 5
0
25 100
2
0 0 0 515 221 30
0 1 1 450 250 4
0
25 100
2
0 0 0 515 221 30
0 1 1 450 250 3
0
25 100
2
0 0 0 515 221 30
0 1 1 450 250 2
0
25 100
2
0 0 0 515 221 30
0 1 1 450 250 1
0
25 100
2
0 0 0 515 221 30
0 1 1 450 250 0
0
25 100
2
0 0 0 515 221 30
0 1 1 450 250 10
1
500 250
25 100
2
0 0 0 515 221 30
0 1 1 450 250 9
0
25 100
2
0 0 0 515 221 30
0 1 1 450 250 8
0
25 100
2
0 0 0 515 221 30
0 1 1 450 250 7
0
25 100
2
0 0 0 515 221 30
0 1 1 450 250 6
0
25 100
2
0 0 0 515 221 30
0 1 1 450 250 5
0
25 100
2
0 0 0 515 221 30
0 1 1 450 250 4
0
25 100
2
0 0 0 515 221 30
0 1 1 450 250 3
0
25 100
2
0 0 0 515 221 30
0 1 1 450 250 2
0
25 100
2
0 0 0 515 221 30
0 1 1 450 250 1
0
25 100
2
0 0 0 515 221 30
0 1 1 450 250 0
0
25 100
2
0 0 0 515 221 30
0 1 1 450 250 10
1
500 250
25 100
2
0 0 0 515 221 30
0 1 1 450 250 9
0
25 100
2
0 0 0 515 221 30
0 1 1 450 250 8
0
25 100
2
0 0 0 515 221 30
0 1 1 450 250 7
0
25 100
2
0 0 0 515 221 30
0 1 1 450 250 6
0
25 100
2
0 0 0 515 221 30
0 1 1 450 250 5
0
25 100
2
0 0 0 515 221 30
0 1 1 450 250 4
0
25 100
2
0 0 0 515 221 30
0 1 1 450 250 3
0
25 100
2
0 0 0 515 221 30
0 1 1 450 250 2
0
25 100
2
0 0 0 515 221 30
0 1 1 450 250 1
0
25 100
2
0 0 0 515 221 30
0 1 1 450 250 0
0
25 100
2
0 0 0 515 221 30
0 1 1 450 250 10
1
500 250
25 100
2
0 0 0 515 221 30
0 1 1 450 250 9
0
25 100
2
0 0 0 515 221 30
0 1 1 450 250 8
0
25 100
2
0 0 0 515 221 30
0 1 1 450 250 7
0
25 100
2
0 0 0 515 221 30
0 1 1 450 250 6
0
25 100
2
0 0 0 515 221 30
0 1 1 450 250 5
0
25 100
2
0 0 0 515 221 30
0 1 1 450 250 4
0
25 100
2
0 0 0 515 221 30
0 1 1 450 250 3
0
25 100
2
0 0 0 515 221 30
0 1 1 450 250 2
0
25 100
2
0 0 0 515 221 30
0 1 1 450 250 1
0
25 100
2
0 0 0 515 221 30
0 1 1 450 250 0
0
25 100
2
0 0 0 515 221 30
0 1 1 450 250 10
1
500 250
25 100
2
0 0 0 515 221 30
0 1 1 450 250 9
0
25 100
2
0 0 0 515 221 30
0 1 1 450 250 8
0
25 100
2
0 0 0 515 221 30
0 1 1 450 250 7
0
25 100
2
0 0 0 515 221 30
0 1 1 450 250 6
0
25 100
2
0 0 0 515 221 30
0 1 1 450 250 5
0
25 100
2
0 0 0 515 221 30
0 1 1 450 250 4
0
25 100
2
0 0 0 515 221 30
0 1 1 450 250 3
0
25 100
2
0 0 0 515 221 30
0 1 1 450 250 2
0
25 100
2
0 0 0 515 221 30
0 1 1 450 250 1
0
25 100
2
0 0 0 515 221 30
0 1 1 450 250 0
0
25 100
2
0 0 0 515 221 30
0 1 1 450 250 10
1
500 250
25 100
2
0 0 0 515 221 30
0 1 1 450 250 9
0
25 100
2
0 0 0 515 221 30
0 1 1 450 250 8
0
25 100
2
0 0 0 515 221 30
0 1 1 450 250 7
0
25 100
2
0 0 0 515 221 30
0 1 1 450 250 6
0
25 100
2
0 0 0 515 221 30
0 1 1 450 250 5
0
25 100
2
0 0 0 515 221 30
0 1 1 450 250 4
0
25 100
2
0 0 0 515 221 30
0 1 1 450 250 3
0
25 100
2
0 0 0 515 221 30
0 1 1 450 250 2
0
25 100
2
0 0 0 515 221 30
0 1 1 450 250 1
0
25 100
2
0 0 0 515 221 30
0 1 1 450 250 0
0
25 100
2
0 0 0 515 221 30
0 1 1 450 250 10
1
500 250
25 100
2
0 0 0 515 221 30
0 1 1 450 250 9
0
25 100
2
0 0 0 515 221 30
0 1 1 450 250 8
0
25 100
2
0 0 0 515 221 30
0 1 1 450 250 7
0
25 100
2
0 0 0 515 221 30
0 1 1 450 250 6
0
25 100
2
0 0 0 515 221 30
0 1 1 450 250 5
0
25 100
2
0 0 0 515 221 30
0 1 1 450 250 4
0
25 100
2
0 0 0 515 221 30
0 1 1 450 250 3
0
25 100
2
0 0 0 515 221 30
0 1 1 450 250 2
0
25 100
2
0 0 0 515 221 30
0 1 1 450 250 1
0
25 100
2
0 0 0 515 221 30
0 1 1 450 250 0
0
25 100
2
0 0 0 515 221 30
0 1 1 450 250 10
1
500 250
25 100
2
0 0 0 515 221 30
0 1 1 450 250 9
0
25 100
2
0 0 0 515 221 30
0 1 1 450 250 8
0
25 100
2
0 0 0 515 221 30
0 1 1 450 250 7
0
25 100
2
0 0 0 515 221 30
0 1 1 450 250 6
0
25 100
2
0 0 0 515 221 30
0 1 1 450 250 5
0
25 100
2
0 0 0 515 221 30
0 1 1 450 250 4
0
25 100
2
0 0 0 515 221 30
0 1 1 450 250 3
0
25 100
2
0 0 0 515 221 30
0 1 1 450 250 2
0
25 100
2
0 0 0 515 221 30
0 1 1 450 250 1
0
25 100
2
0 0 0 515 221 30
0 1 1 450 250 0
0
25 100
2
0 0 0 515 221 30
0 1 1 450 250 10
1
500 250
25 100
2
0 0 0 515 221 30
0 1 1 450 250 9
0
25 100
2
0 0 0 515 221 30
0 1 1 450 250 8
0
25 100
2
0 0 0 515 221 30
0 1 1 450 250 7
0
25 100
2
0 0 0 515 221 30
0 1 1 450 250 6
0
25 100
2
0 0 0 515 221 30
0 1 1 450 250 5
0
25 100
2
0 0 0 515 221 30
0 1 1 450 250 4
0
25 100
2
0 0 0 515 221 30
0 1 1 450 250 3
0
25 100
2
0 0 0 515 221 30
0 1 1 450 250 2
0
25 100
2
0 0 0 515 221 30
0 1 1 450 250 1
0
25 100
2
0 0 0 515 221 30
0 1 1 450 250 0
0
25 100
2
0 0 0 515 221 30
0 1 1 450 250 10
1
500 250
25 100
2
0 0 0 515 221 30
0 1 1 450 250 9
0
25 100
2
0 0 0 515 221 30
0 1 1 450 250 8
0
25 100
2
0 0 0 515 221 30
0 1 1 450 250 7
0
25 100
2
0 0 0 515 221 30
0 1 1 450 250 6
0
25 100
2
0 0 0 515 221 30
0 1 1 450 250 5
0
25 100
2
0 0 0 515 221 30
0 1 1 450 250 4
0
25 100
2
0 0 0 515 221 30
0 1 1 450 250 3
0
25 100
2
0 0 0 515 221 30
0 1 1 450 250 2
0
25 100
2
0 0 0 515 221 30
0 1 1 450 250 1
0
25 100
2
0 0 0 515 221 30
0 1 1 450 250 0
0
25 100
2
0 0 0 515 221 30
0 1 1 450 250 10
1
500 250
25 100
2
0 0 0 515 221 30
0 1 1 450 250 9
0
25 100
2
0 0 0 515 221 30
0 1 1 450 250 8
0
25 100
2
0 0 0 515 221 30
0 1 1 450 250 7
0
25 100
2
0 0 0 515 221 30
0 1 1 450 250 6
0
25 100
2
0 0 0 515 221 30
0 1 1 450 250 5
0
25 100
2
0 0 0 515 221 30
0 1 1 450 250 4
0
25 100
2
0 0 0 515 221 30
0 1 1 450 250 3
0
25 100
2
0 0 0 515 221 30
0 1 1 450 250 2
0
25 100
2
0 0 0 515 221 30
0 1 1 450 250 1
0
25 100
2
0 0 0 515 221 30
0 1 1 450 250 0
0
25 100
2
0 0 0 515 221 30
0 1 1 450 250 10
1
500 250
25 100
2
0 0 0 515 221 30
0 1 1 450 250 9
0
25 100
2
0 0 0 515 221 30
0 1 1 450 250 8
0
25 100
2
0 0 0 515 221 30
0 1 1 450 250 7
0
25 100
2
0 0 0 515 221 30
0 1 1 450 250 6
0
25 100
2
0 0 0 515 221 30
0 1 1 450 250 5
0
25 100
2
0 0 0 515 221 30
0 1 1 450 250 4
0
25 100
2
0 0 0 515 221 30
0 1 1 450 250 3
0
25 100
2
0 0 0 515 221 30
0 1 1 450 250 2
0
25 100
2
0 0 0 515 221 30
0 1 1 450 250 1
0
25 100
2
0 0 0 515 221 30
0 1 1 450 250 0
0
25 100
2
0 0 0 515 221 30
0 1 1 450 250 10
1
500 250
25 100
2
0 0 0 515 221 30
0 1 1 450 250 9
0
25 100
2
0 0 0 515 221 30
0 1 1 450 250 8
0
25 100
2
0 0 0 515 221 30
0 1 1 450 250 7
0
25 100
2
0 0 0 515 221 30
0 1 1 450 250 6
0
25 100
2
0 0 0 515 221 30
0 1 1 450 250 5
0
25 100
2
0 0 0 515 221 30
0 1 1 450 250 4
0
25 100
2
0 0 0 515 221 30
0 1 1 450 250 3
0
25 100
2
0 0 0 515 221 30
0 1 1 450 250 2
0
25 100
2
0 0 0 515 221 30
0 1 1 450 250 1
0
25 100
2
0 0 0 515 221 30
0 1 1 450 250 0
0
25 100
2
0 0 0 515 221 30
0 1 1 450 250 10
1
500 250
25 100
2
0 0 0 515 221 30
0 1 1 450 250 9
0
25 100
2
0 0 0 515 221 30
0 1 1 450 250 8
0
25 100
2
0 0 0 515 221 30
0 1 1 450 250 7
0
25 100
2
0 0 0 515 221 30
0 1 1 450 250 6
0
25 100
2
0 0 0 515 221 30
0 1 1 450 250 5
0
25 100
2
0 0 0 515 221 30
0 1 1 450 250 4
0
25 100
2
0 0 0 515 221 30
0 1 1 450 250 3
0
25 100
2
0 0 0 515 221 30
0 1 1 450 250 2
0
25 100
2
0 0 0 515 221 30
0 1 1 450 250 1
0
25 100
2
0 0 0 515 221 30
0 1 1 450 250 0
0
25 100
2
0 0 0 515 221 30
0 1 1 450 250 10
1
500 250
25 100
2
0 0 0 515 221 30
0 1 1 450 250 9
0
25 100
2
0 0 0 515 221 30
0 1 1 450 250 8
0
