0
1255 1000
2
485 279
515 221
201
0 0
2
0 0 0 33 128 0
1 0 0 926 362 0
0
5 5
2
0 0 0 106 142 0
1 0 0 853 342 0
0
10 10
2
0 0 0 179 156 0
1 0 0 780 323 0
0
15 15
2
0 0 0 252 170 0
1 0 0 707 304 0
0
20 20
2
0 0 0 325 184 0
1 0 0 634 285 0
0
25 25
2
0 0 0 398 198 0
1 0 0 561 266 0
0
30 30
2
0 0 0 471 212 0
1 0 0 500 250 0
0
35 35
2
0 0 0 515 221 5
1 0 0 500 250 0
0
40 40
2
0 0 0 515 221 10
1 0 0 500 250 0
0
45 45
2
0 0 0 515 221 15
1 0 0 500 250 0
0
50 50
2
0 0 0 515 221 20
1 0 0 500 250 0
0
55 55
2
0 0 0 515 221 25
1 0 0 500 250 0
0
60 60
2
0 0 0 515 221 30
1 0 0 500 250 0
0
65 65
2
0 0 0 440 225 30
1 0 0 500 250 0
0
70 70
2
0 0 0 365 229 30
1 0 0 500 250 0
0
75 75
2
0 0 0 290 233 30
1 0 0 500 250 0
0
5 80
3
0 0 0 215 238 30
0 1 1 49 394 0
1 0 0 500 250 0
0
10 85
3
0 0 0 140 243 30
0 1 1 96 377 0
1 0 0 500 250 0
0
45 90
3
0 0 0 65 248 0
0 1 1 143 360 0
1 0 0 500 250 0
0
50 95
3
0 0 0 139 243 0
0 1 1 190 343 0
1 0 0 500 250 0
0
55 100
3
0 0 0 213 238 0
0 1 1 237 326 0
1 0 0 500 250 0
0
60 105
3
0 0 0 287 233 0
0 1 1 284 309 0
1 0 0 500 250 0
0
65 110
3
0 0 0 361 229 0
0 1 1 331 292 0
1 0 0 500 250 0
0
70 115
3
0 0 0 435 225 0
0 1 1 378 275 0
1 0 0 500 250 0
0
75 120
3
0 0 0 509 221 5
0 1 1 425 258 0
1 0 0 500 250 0
0
80 125
3
0 0 0 515 221 10
0 1 1 450 250 0
1 0 0 500 250 0
0
85 130
2
0 0 0 515 221 15
0 1 1 450 250 10
1
500 250
90 135
2
0 0 0 515 221 20
0 1 1 450 250 9
0
95 140
2
0 0 0 515 221 25
0 1 1 450 250 8
0
100 145
2
0 0 0 515 221 30
0 1 1 450 250 7
0
105 150
2
0 0 0 440 225 30
0 1 1 450 250 6
0
110 155
2
0 0 0 365 229 30
0 1 1 450 250 5
0
115 160
2
0 0 0 290 233 30
0 1 1 450 250 4
0
120 165
2
0 0 0 215 238 30
0 1 1 450 250 3
0
125 170
2
0 0 0 140 243 30
0 1 1 450 250 2
0
160 175
2
0 0 0 65 248 0
0 1 1 450 250 1
0
165 180
2
0 0 0 139 243 0
0 1 1 450 250 0
0
170 185
2
0 0 0 213 238 0
0 1 1 450 250 10
1
500 250
175 190
2
0 0 0 287 233 0
0 1 1 450 250 9
0
180 195
2
0 0 0 361 229 0
0 1 1 450 250 8
0
185 200
2
0 0 0 435 225 0
0 1 1 450 250 7
0
190 205
2
0 0 0 509 221 5
0 1 1 450 250 6
0
195 210
2
0 0 0 515 221 10
0 1 1 450 250 5
0
200 215
2
0 0 0 515 221 15
0 1 1 450 250 4
0
205 220
2
0 0 0 515 221 20
0 1 1 450 250 3
0
210 225
2
0 0 0 515 221 25
0 1 1 450 250 2
0
215 230
2
0 0 0 515 221 30
0 1 1 450 250 1
0
220 235
2
0 0 0 440 225 30
0 1 1 450 250 0
0
225 240
2
0 0 0 365 229 30
0 1 1 450 250 10
1
500 250
230 245
2
0 0 0 290 233 30
0 1 1 450 250 9
0
235 250
2
0 0 0 215 238 30
0 1 1 450 250 8
0
240 255
2
0 0 0 140 243 30
0 1 1 450 250 7
0
275 260
2
0 0 0 65 248 0
0 1 1 450 250 6
0
280 265
2
0 0 0 139 243 0
0 1 1 450 250 5
0
285 270
2
0 0 0 213 238 0
0 1 1 450 250 4
0
290 275
2
0 0 0 287 233 0
0 1 1 450 250 3
0
295 280
2
0 0 0 361 229 0
0 1 1 450 250 2
0
300 285
2
0 0 0 435 225 0
0 1 1 450 250 1
0
305 290
2
0 0 0 509 221 5
0 1 1 450 250 0
0
310 295
2
0 0 0 515 221 10
0 1 1 450 250 10
1
500 250
315 300
2
0 0 0 515 221 15
0 1 1 450 250 9
0
320 305
2
0 0 0 515 221 20
0 1 1 450 250 8
0
325 310
2
0 0 0 515 221 25
0 1 1 450 250 7
0
330 315
2
0 0 0 515 221 30
0 1 1 450 250 6
0
335 320
2
0 0 0 440 225 30
0 1 1 450 250 5
0
340 325
2
0 0 0 365 229 30
0 1 1 450 250 4
0
345 330
2
0 0 0 290 233 30
0 1 1 450 250 3
0
350 335
2
0 0 0 215 238 30
0 1 1 450 250 2
0
355 340
2
0 0 0 140 243 30
0 1 1 450 250 1
0
390 345
2
0 0 0 65 248 0
0 1 1 450 250 0
0
395 350
2
0 0 0 139 243 0
0 1 1 450 250 10
1
500 250
400 355
2
0 0 0 213 238 0
0 1 1 450 250 9
0
405 360
2
0 0 0 287 233 0
0 1 1 450 250 8
0
410 365
2
0 0 0 361 229 0
0 1 1 450 250 7
0
415 370
2
0 0 0 435 225 0
0 1 1 450 250 6
0
420 375
2
0 0 0 509 221 5
0 1 1 450 250 5
0
425 380
2
0 0 0 515 221 10
0 1 1 450 250 4
0
430 385
2
0 0 0 515 221 15
0 1 1 450 250 3
0
435 390
2
0 0 0 515 221 20
0 1 1 450 250 2
0
440 395
2
0 0 0 515 221 25
0 1 1 450 250 1
0
445 400
2
0 0 0 515 221 30
0 1 1 450 250 0
0
450 405
2
0 0 0 440 225 30
0 1 1 450 250 10
1
500 250
455 410
2
0 0 0 365 229 30
0 1 1 450 250 9
0
460 415
2
0 0 0 290 233 30
0 1 1 450 250 8
0
465 420
2
0 0 0 215 238 30
0 1 1 450 250 7
0
470 425
2
0 0 0 140 243 30
0 1 1 450 250 6
0
505 430
2
0 0 0 65 248 0
0 1 1 450 250 5
0
510 435
2
0 0 0 139 243 0
0 1 1 450 250 4
0
515 440
2
0 0 0 213 238 0
0 1 1 450 250 3
0
520 445
2
0 0 0 287 233 0
0 1 1 450 250 2
0
525 450
2
0 0 0 361 229 0
0 1 1 450 250 1
0
530 455
2
0 0 0 435 225 0
0 1 1 450 250 0
0
535 460
2
0 0 0 509 221 5
0 1 1 450 250 10
1
500 250
540 465
2
0 0 0 515 221 10
0 1 1 450 250 9
0
545 470
2
0 0 0 515 221 15
0 1 1 450 250 8
0
550 475
2
0 0 0 515 221 20
0 1 1 450 250 7
0
555 480
2
0 0 0 515 221 25
0 1 1 450 250 6
0
560 485
2
0 0 0 515 221 30
0 1 1 450 250 5
0
565 490
2
0 0 0 440 225 30
0 1 1 450 250 4
0
570 495
2
0 0 0 365 229 30
0 1 1 450 250 3
0
575 500
2
0 0 0 290 233 30
0 1 1 450 250 2
0
580 505
2
0 0 0 215 238 30
0 1 1 450 250 1
0
585 510
2
0 0 0 140 243 30
0 1 1 450 250 0
0
620 515
2
0 0 0 65 248 0
0 1 1 450 250 10
1
500 250
625 520
2
0 0 0 139 243 0
0 1 1 450 250 9
0
630 525
2
0 0 0 213 238 0
0 1 1 450 250 8
0
635 530
2
0 0 0 287 233 0
0 1 1 450 250 7
0
640 535
2
0 0 0 361 229 0
0 1 1 450 250 6
0
645 540
2
0 0 0 435 225 0
0 1 1 450 250 5
0
650 545
2
0 0 0 509 221 5
0 1 1 450 250 4
0
655 550
2
0 0 0 515 221 10
0 1 1 450 250 3
0
660 555
2
0 0 0 515 221 15
0 1 1 450 250 2
0
665 560
2
0 0 0 515 221 20
0 1 1 450 250 1
0
670 565
2
0 0 0 515 221 25
0 1 1 450 250 0
0
675 570
2
0 0 0 515 221 30
0 1 1 450 250 10
1
500 250
680 575
2
0 0 0 440 225 30
0 1 1 450 250 9
0
685 580
2
0 0 0 365 229 30
0 1 1 450 250 8
0
690 585
2
0 0 0 290 233 30
0 1 1 450 250 7
0
695 590
2
0 0 0 215 238 30
0 1 1 450 250 6
0
700 595
2
0 0 0 140 243 30
0 1 1 450 250 5
0
735 600
2
0 0 0 65 248 0
0 1 1 450 250 4
0
740 605
2
0 0 0 139 243 0
0 1 1 450 250 3
0
745 610
2
0 0 0 213 238 0
0 1 1 450 250 2
0
750 615
2
0 0 0 287 233 0
0 1 1 450 250 1
0
755 620
2
0 0 0 361 229 0
0 1 1 450 250 0
0
760 625
2
0 0 0 435 225 0
0 1 1 450 250 10
1
500 250
765 630
2
0 0 0 509 221 5
0 1 1 450 250 9
0
770 635
2
0 0 0 515 221 10
0 1 1 450 250 8
0
775 640
2
0 0 0 515 221 15
0 1 1 450 250 7
0
780 645
2
0 0 0 515 221 20
0 1 1 450 250 6
0
785 650
2
0 0 0 515 221 25
0 1 1 450 250 5
0
790 655
2
0 0 0 515 221 30
0 1 1 450 250 4
0
795 660
2
0 0 0 440 225 30
0 1 1 450 250 3
0
800 665
2
0 0 0 365 229 30
0 1 1 450 250 2
0
805 670
2
0 0 0 290 233 30
0 1 1 450 250 1
0
810 675
2
0 0 0 215 238 30
0 1 1 450 250 0
0
815 680
2
0 0 0 140 243 30
0 1 1 450 250 10
1
500 250
850 685
2
0 0 0 65 248 0
0 1 1 450 250 9
0
855 690
2
0 0 0 139 243 0
0 1 1 450 250 8
0
860 695
2
0 0 0 213 238 0
0 1 1 450 250 7
0
865 700
2
0 0 0 287 233 0
0 1 1 450 250 6
0
870 705
2
0 0 0 361 229 0
0 1 1 450 250 5
0
875 710
2
0 0 0 435 225 0
0 1 1 450 250 4
0
880 715
2
0 0 0 509 221 5
0 1 1 450 250 3
0
885 720
2
0 0 0 515 221 10
0 1 1 450 250 2
0
890 725
2
0 0 0 515 221 15
0 1 1 450 250 1
0
895 730
2
0 0 0 515 221 20
0 1 1 450 250 0
0
900 735
2
0 0 0 515 221 25
0 1 1 450 250 10
1
500 250
905 740
2
0 0 0 515 221 30
0 1 1 450 250 9
0
910 745
2
0 0 0 440 225 30
0 1 1 450 250 8
0
915 750
2
0 0 0 365 229 30
0 1 1 450 250 7
0
920 755
2
0 0 0 290 233 30
0 1 1 450 250 6
0
925 760
2
0 0 0 215 238 30
0 1 1 450 250 5
0
930 765
2
0 0 0 140 243 30
0 1 1 450 250 4
0
965 770
2
0 0 0 65 248 0
0 1 1 450 250 3
0
970 775
2
0 0 0 139 243 0
0 1 1 450 250 2
0
975 780
2
0 0 0 213 238 0
0 1 1 450 250 1
0
980 785
2
0 0 0 287 233 0
0 1 1 450 250 0
0
985 790
2
0 0 0 361 229 0
0 1 1 450 250 10
1
500 250
990 795
2
0 0 0 435 225 0
0 1 1 450 250 9
0
995 800
2
0 0 0 509 221 5
0 1 1 450 250 8
0
1000 805
2
0 0 0 515 221 10
0 1 1 450 250 7
0
1005 810
2
0 0 0 515 221 15
0 1 1 450 250 6
0
1010 815
2
0 0 0 515 221 20
0 1 1 450 250 5
0
1015 820
2
0 0 0 515 221 25
0 1 1 450 250 4
0
1020 825
2
0 0 0 515 221 30
0 1 1 450 250 3
0
1025 830
2
0 0 0 440 225 30
0 1 1 450 250 2
0
1030 835
2
0 0 0 365 229 30
0 1 1 450 250 1
0
1035 840
2
0 0 0 290 233 30
0 1 1 450 250 0
0
1040 845
2
0 0 0 215 238 30
0 1 1 450 250 10
1
500 250
1045 850
2
0 0 0 140 243 30
0 1 1 450 250 9
0
1080 855
2
0 0 0 65 248 0
0 1 1 450 250 8
0
1085 860
2
0 0 0 139 243 0
0 1 1 450 250 7
0
1090 865
2
0 0 0 213 238 0
0 1 1 450 250 6
0
1095 870
2
0 0 0 287 233 0
0 1 1 450 250 5
0
1100 875
2
0 0 0 361 229 0
0 1 1 450 250 4
0
1105 880
2
0 0 0 435 225 0
0 1 1 450 250 3
0
1110 885
2
0 0 0 509 221 5
0 1 1 450 250 2
0
1115 890
2
0 0 0 515 221 10
0 1 1 450 250 1
0
1120 895
2
0 0 0 515 221 15
0 1 1 450 250 0
0
1125 900
2
0 0 0 515 221 20
0 1 1 450 250 10
1
500 250
1130 905
2
0 0 0 515 221 25
0 1 1 450 250 9
0
1135 910
2
0 0 0 515 221 30
0 1 1 450 250 8
0
1140 915
2
0 0 0 440 225 30
0 1 1 450 250 7
0
1145 920
2
0 0 0 365 229 30
0 1 1 450 250 6
0
1150 925
2
0 0 0 290 233 30
0 1 1 450 250 5
0
1155 930
2
0 0 0 215 238 30
0 1 1 450 250 4
0
1160 935
2
0 0 0 140 243 30
0 1 1 450 250 3
0
1195 940
2
0 0 0 65 248 0
0 1 1 450 250 2
0
1200 945
2
0 0 0 139 243 0
0 1 1 450 250 1
0
1205 950
2
0 0 0 213 238 0
0 1 1 450 250 0
0
1210 955
2
0 0 0 287 233 0
0 1 1 450 250 10
1
500 250
1215 960
2
0 0 0 361 229 0
0 1 1 450 250 9
0
1220 965
2
0 0 0 435 225 0
0 1 1 450 250 8
0
1225 970
2
0 0 0 509 221 5
0 1 1 450 250 7
0
1230 975
2
0 0 0 515 221 10
0 1 1 450 250 6
0
1235 980
2
0 0 0 515 221 15
0 1 1 450 250 5
0
1240 985
2
0 0 0 515 221 20
0 1 1 450 250 4
0
1245 990
2
0 0 0 515 221 25
0 1 1 450 250 3
0
1250 995
2
0 0 0 515 221 30
0 1 1 450 250 2
0
1255 1000
2
0 0 0 440 225 30
0 1 1 450 250 1
0
