0
1125 100
2
644 302
356 198
201
100 100
2
0 0 0 34 91 0
1 0 0 939 121 0
0
25 100
3
0 0 0 105 114 0
0 1 1 63 245 0
1 0 0 867 142 0
0
25 100
3
0 0 0 176 137 0
0 1 1 112 245 0
1 0 0 795 163 0
0
25 100
3
0 0 0 247 161 0
0 1 1 161 245 0
1 0 0 723 184 0
0
25 100
3
0 0 0 318 185 0
0 1 1 210 245 0
1 0 0 651 205 0
0
25 100
3
0 0 0 356 198 10
0 1 1 259 246 0
1 0 0 579 226 0
0
25 100
3
0 0 0 356 198 20
0 1 1 308 247 0
1 0 0 507 247 0
0
25 100
3
0 0 0 356 198 30
0 1 1 357 248 0
1 0 0 500 250 0
0
25 100
3
0 0 0 356 198 40
0 1 1 406 249 0
1 0 0 500 250 0
0
25 100
3
0 0 0 356 198 50
0 1 1 450 250 0
1 0 0 500 250 0
0
25 100
2
0 0 0 356 198 60
0 1 1 450 250 5
0
25 100
2
0 0 0 356 198 70
0 1 1 450 250 4
0
25 100
2
0 0 0 356 198 80
0 1 1 450 250 3
0
25 100
2
0 0 0 356 198 90
0 1 1 450 250 2
0
25 100
2
0 0 0 356 198 100
0 1 1 450 250 1
0
25 100
2
0 0 0 282 210 100
0 1 1 450 250 0
0
25 100
2
0 0 0 208 222 100
0 1 1 450 250 5
0
25 100
2
0 0 0 134 235 100
0 1 1 450 250 4
0
125 100
2
0 0 0 60 248 0
0 1 1 450 250 3
0
125 100
2
0 0 0 133 235 0
0 1 1 450 250 2
0
125 100
2
0 0 0 206 222 0
0 1 1 450 250 1
0
125 100
2
0 0 0 280 210 0
0 1 1 450 250 0
0
125 100
2
0 0 0 354 198 10
0 1 1 450 250 5
0
125 100
2
0 0 0 356 198 20
0 1 1 450 250 4
0
125 100
2
0 0 0 356 198 30
0 1 1 450 250 3
0
125 100
2
0 0 0 356 198 40
0 1 1 450 250 2
0
125 100
2
0 0 0 356 198 50
0 1 1 450 250 1
0
125 100
2
0 0 0 356 198 60
0 1 1 450 250 0
0
125 100
2
0 0 0 356 198 70
0 1 1 450 250 5
0
125 100
2
0 0 0 356 198 80
0 1 1 450 250 4
0
125 100
2
0 0 0 356 198 90
0 1 1 450 250 3
0
125 100
2
0 0 0 356 198 100
0 1 1 450 250 2
0
125 100
2
0 0 0 282 210 100
0 1 1 450 250 1
0
125 100
2
0 0 0 208 222 100
0 1 1 450 250 0
0
125 100
2
0 0 0 134 235 100
0 1 1 450 250 5
0
225 100
2
0 0 0 60 248 0
0 1 1 450 250 4
0
225 100
2
0 0 0 133 235 0
0 1 1 450 250 3
0
225 100
2
0 0 0 206 222 0
0 1 1 450 250 2
0
225 100
2
0 0 0 280 210 0
0 1 1 450 250 1
0
225 100
2
0 0 0 354 198 10
0 1 1 450 250 0
0
225 100
2
0 0 0 356 198 20
0 1 1 450 250 5
0
225 100
2
0 0 0 356 198 30
0 1 1 450 250 4
0
225 100
2
0 0 0 356 198 40
0 1 1 450 250 3
0
225 100
2
0 0 0 356 198 50
0 1 1 450 250 2
0
225 100
2
0 0 0 356 198 60
0 1 1 450 250 1
0
225 100
2
0 0 0 356 198 70
0 1 1 450 250 0
0
225 100
2
0 0 0 356 198 80
0 1 1 450 250 5
0
225 100
2
0 0 0 356 198 90
0 1 1 450 250 4
0
225 100
2
0 0 0 356 198 100
0 1 1 450 250 3
0
225 100
2
0 0 0 282 210 100
0 1 1 450 250 2
0
225 100
2
0 0 0 208 222 100
0 1 1 450 250 1
0
225 100
2
0 0 0 134 235 100
0 1 1 450 250 0
0
325 100
2
0 0 0 60 248 0
0 1 1 450 250 5
0
325 100
2
0 0 0 133 235 0
0 1 1 450 250 4
0
325 100
2
0 0 0 206 222 0
0 1 1 450 250 3
0
325 100
2
0 0 0 280 210 0
0 1 1 450 250 2
0
325 100
2
0 0 0 354 198 10
0 1 1 450 250 1
0
325 100
2
0 0 0 356 198 20
0 1 1 450 250 0
0
325 100
2
0 0 0 356 198 30
0 1 1 450 250 5
0
325 100
2
0 0 0 356 198 40
0 1 1 450 250 4
0
325 100
2
0 0 0 356 198 50
0 1 1 450 250 3
0
325 100
2
0 0 0 356 198 60
0 1 1 450 250 2
0
325 100
2
0 0 0 356 198 70
0 1 1 450 250 1
0
325 100
2
0 0 0 356 198 80
0 1 1 450 250 0
0
325 100
2
0 0 0 356 198 90
0 1 1 450 250 5
0
325 100
2
0 0 0 356 198 100
0 1 1 450 250 4
0
325 100
2
0 0 0 282 210 100
0 1 1 450 250 3
0
325 100
2
0 0 0 208 222 100
0 1 1 450 250 2
0
325 100
2
0 0 0 134 235 100
0 1 1 450 250 1
0
425 100
2
0 0 0 60 248 0
0 1 1 450 250 0
0
425 100
2
0 0 0 133 235 0
0 1 1 450 250 5
0
425 100
2
0 0 0 206 222 0
0 1 1 450 250 4
0
425 100
2
0 0 0 280 210 0
0 1 1 450 250 3
0
425 100
2
0 0 0 354 198 10
0 1 1 450 250 2
0
425 100
2
0 0 0 356 198 20
0 1 1 450 250 1
0
425 100
2
0 0 0 356 198 30
0 1 1 450 250 0
0
425 100
2
0 0 0 356 198 40
0 1 1 450 250 5
0
425 100
2
0 0 0 356 198 50
0 1 1 450 250 4
0
425 100
2
0 0 0 356 198 60
0 1 1 450 250 3
0
425 100
2
0 0 0 356 198 70
0 1 1 450 250 2
0
425 100
2
0 0 0 356 198 80
0 1 1 450 250 1
0
425 100
2
0 0 0 356 198 90
0 1 1 450 250 0
0
425 100
2
0 0 0 356 198 100
0 1 1 450 250 5
0
425 100
2
0 0 0 282 210 100
0 1 1 450 250 4
0
425 100
2
0 0 0 208 222 100
0 1 1 450 250 3
0
425 100
2
0 0 0 134 235 100
0 1 1 450 250 2
0
525 100
2
0 0 0 60 248 0
0 1 1 450 250 1
0
525 100
2
0 0 0 133 235 0
0 1 1 450 250 0
0
525 100
2
0 0 0 206 222 0
0 1 1 450 250 5
0
525 100
2
0 0 0 280 210 0
0 1 1 450 250 4
0
525 100
2
0 0 0 354 198 10
0 1 1 450 250 3
0
525 100
2
0 0 0 356 198 20
0 1 1 450 250 2
0
525 100
2
0 0 0 356 198 30
0 1 1 450 250 1
0
525 100
2
0 0 0 356 198 40
0 1 1 450 250 0
0
525 100
2
0 0 0 356 198 50
0 1 1 450 250 5
0
525 100
2
0 0 0 356 198 60
0 1 1 450 250 4
0
525 100
2
0 0 0 356 198 70
0 1 1 450 250 3
0
525 100
2
0 0 0 356 198 80
0 1 1 450 250 2
0
525 100
2
0 0 0 356 198 90
0 1 1 450 250 1
0
525 100
2
0 0 0 356 198 100
0 1 1 450 250 0
0
525 100
2
0 0 0 282 210 100
0 1 1 450 250 5
0
525 100
2
0 0 0 208 222 100
0 1 1 450 250 4
0
525 100
2
0 0 0 134 235 100
0 1 1 450 250 3
0
625 100
2
0 0 0 60 248 0
0 1 1 450 250 2
0
625 100
2
0 0 0 133 235 0
0 1 1 450 250 1
0
625 100
2
0 0 0 206 222 0
0 1 1 450 250 0
0
625 100
2
0 0 0 280 210 0
0 1 1 450 250 5
0
625 100
2
0 0 0 354 198 10
0 1 1 450 250 4
0
625 100
2
0 0 0 356 198 20
0 1 1 450 250 3
0
625 100
2
0 0 0 356 198 30
0 1 1 450 250 2
0
625 100
2
0 0 0 356 198 40
0 1 1 450 250 1
0
625 100
2
0 0 0 356 198 50
0 1 1 450 250 0
0
625 100
2
0 0 0 356 198 60
0 1 1 450 250 5
0
625 100
2
0 0 0 356 198 70
0 1 1 450 250 4
0
625 100
2
0 0 0 356 198 80
0 1 1 450 250 3
0
625 100
2
0 0 0 356 198 90
0 1 1 450 250 2
0
625 100
2
0 0 0 356 198 100
0 1 1 450 250 1
0
625 100
2
0 0 0 282 210 100
0 1 1 450 250 0
0
625 100
2
0 0 0 208 222 100
0 1 1 450 250 5
0
625 100
2
0 0 0 134 235 100
0 1 1 450 250 4
0
725 100
2
0 0 0 60 248 0
0 1 1 450 250 3
0
725 100
2
0 0 0 133 235 0
0 1 1 450 250 2
0
725 100
2
0 0 0 206 222 0
0 1 1 450 250 1
0
725 100
2
0 0 0 280 210 0
0 1 1 450 250 0
0
725 100
2
0 0 0 354 198 10
0 1 1 450 250 5
0
725 100
2
0 0 0 356 198 20
0 1 1 450 250 4
0
725 100
2
0 0 0 356 198 30
0 1 1 450 250 3
0
725 100
2
0 0 0 356 198 40
0 1 1 450 250 2
0
725 100
2
0 0 0 356 198 50
0 1 1 450 250 1
0
725 100
2
0 0 0 356 198 60
0 1 1 450 250 0
0
725 100
2
0 0 0 356 198 70
0 1 1 450 250 5
0
725 100
2
0 0 0 356 198 80
0 1 1 450 250 4
0
725 100
2
0 0 0 356 198 90
0 1 1 450 250 3
0
725 100
2
0 0 0 356 198 100
0 1 1 450 250 2
0
725 100
2
0 0 0 282 210 100
0 1 1 450 250 1
0
725 100
2
0 0 0 208 222 100
0 1 1 450 250 0
0
725 100
2
0 0 0 134 235 100
0 1 1 450 250 5
0
825 100
2
0 0 0 60 248 0
0 1 1 450 250 4
0
825 100
2
0 0 0 133 235 0
0 1 1 450 250 3
0
825 100
2
0 0 0 206 222 0
0 1 1 450 250 2
0
825 100
2
0 0 0 280 210 0
0 1 1 450 250 1
0
825 100
2
0 0 0 354 198 10
0 1 1 450 250 0
0
825 100
2
0 0 0 356 198 20
0 1 1 450 250 5
0
825 100
2
0 0 0 356 198 30
0 1 1 450 250 4
0
825 100
2
0 0 0 356 198 40
0 1 1 450 250 3
0
825 100
2
0 0 0 356 198 50
0 1 1 450 250 2
0
825 100
2
0 0 0 356 198 60
0 1 1 450 250 1
0
825 100
2
0 0 0 356 198 70
0 1 1 450 250 0
0
825 100
2
0 0 0 356 198 80
0 1 1 450 250 5
0
825 100
2
0 0 0 356 198 90
0 1 1 450 250 4
0
825 100
2
0 0 0 356 198 100
0 1 1 450 250 3
0
825 100
2
0 0 0 282 210 100
0 1 1 450 250 2
0
825 100
2
0 0 0 208 222 100
0 1 1 450 250 1
0
825 100
2
0 0 0 134 235 100
0 1 1 450 250 0
0
925 100
2
0 0 0 60 248 0
0 1 1 450 250 5
0
925 100
2
0 0 0 133 235 0
0 1 1 450 250 4
0
925 100
2
0 0 0 206 222 0
0 1 1 450 250 3
0
925 100
2
0 0 0 280 210 0
0 1 1 450 250 2
0
925 100
2
0 0 0 354 198 10
0 1 1 450 250 1
0
925 100
2
0 0 0 356 198 20
0 1 1 450 250 0
0
925 100
2
0 0 0 356 198 30
0 1 1 450 250 5
0
925 100
2
0 0 0 356 198 40
0 1 1 450 250 4
0
925 100
2
0 0 0 356 198 50
0 1 1 450 250 3
0
925 100
2
0 0 0 356 198 60
0 1 1 450 250 2
0
925 100
2
0 0 0 356 198 70
0 1 1 450 250 1
0
925 100
2
0 0 0 356 198 80
0 1 1 450 250 0
0
925 100
2
0 0 0 356 198 90
0 1 1 450 250 5
0
925 100
2
0 0 0 356 198 100
0 1 1 450 250 4
0
925 100
2
0 0 0 282 210 100
0 1 1 450 250 3
0
925 100
2
0 0 0 208 222 100
0 1 1 450 250 2
0
925 100
2
0 0 0 134 235 100
0 1 1 450 250 1
0
1025 100
2
0 0 0 60 248 0
0 1 1 450 250 0
0
1025 100
2
0 0 0 133 235 0
0 1 1 450 250 5
0
1025 100
2
0 0 0 206 222 0
0 1 1 450 250 4
0
1025 100
2
0 0 0 280 210 0
0 1 1 450 250 3
0
1025 100
2
0 0 0 354 198 10
0 1 1 450 250 2
0
1025 100
2
0 0 0 356 198 20
0 1 1 450 250 1
0
1025 100
2
0 0 0 356 198 30
0 1 1 450 250 0
0
1025 100
2
0 0 0 356 198 40
0 1 1 450 250 5
0
1025 100
2
0 0 0 356 198 50
0 1 1 450 250 4
0
1025 100
2
0 0 0 356 198 60
0 1 1 450 250 3
0
1025 100
2
0 0 0 356 198 70
0 1 1 450 250 2
0
1025 100
2
0 0 0 356 198 80
0 1 1 450 250 1
0
1025 100
2
0 0 0 356 198 90
0 1 1 450 250 0
0
1025 100
2
0 0 0 356 198 100
0 1 1 450 250 5
0
1025 100
2
0 0 0 282 210 100
0 1 1 450 250 4
0
1025 100
2
0 0 0 208 222 100
0 1 1 450 250 3
0
1025 100
2
0 0 0 134 235 100
0 1 1 450 250 2
0
1125 100
2
0 0 0 60 248 0
0 1 1 450 250 1
0
1125 100
2
0 0 0 133 235 0
0 1 1 450 250 0
0
1125 100
2
0 0 0 206 222 0
0 1 1 450 250 5
0
1125 100
2
0 0 0 280 210 0
0 1 1 450 250 4
0
1125 100
2
0 0 0 354 198 10
0 1 1 450 250 3
0
1125 100
2
0 0 0 356 198 20
0 1 1 450 250 2
0
1125 100
2
0 0 0 356 198 30
0 1 1 450 250 1
0
1125 100
2
0 0 0 356 198 40
0 1 1 450 250 0
0
1125 100
2
0 0 0 356 198 50
0 1 1 450 250 5
0
1125 100
2
0 0 0 356 198 60
0 1 1 450 250 4
0
1125 100
2
0 0 0 356 198 70
0 1 1 450 250 3
0
1125 100
2
0 0 0 356 198 80
0 1 1 450 250 2
0
1125 100
2
0 0 0 356 198 90
0 1 1 450 250 1
0
