0
925 100
2
516 149
484 351
201
100 100
2
0 0 0 74 183 0
1 0 0 956 179 0
25 100
3
0 0 0 143 211 0
0 1 1 40 450 0
1 0 0 881 190 0
25 100
3
0 0 0 212 239 0
0 1 1 84 428 0
1 0 0 806 201 0
25 100
3
0 0 0 281 267 0
0 1 1 128 406 0
1 0 0 731 212 0
25 100
3
0 0 0 350 295 0
0 1 1 172 384 0
1 0 0 656 224 0
25 100
3
0 0 0 419 323 0
0 1 1 217 362 0
1 0 0 582 236 0
25 100
3
0 0 0 484 351 10
0 1 1 262 340 0
1 0 0 508 248 0
25 100
3
0 0 0 484 351 20
0 1 1 307 318 0
1 0 0 500 250 0
25 100
3
0 0 0 484 351 30
0 1 1 352 296 0
1 0 0 500 250 0
25 100
3
0 0 0 484 351 40
0 1 1 397 274 0
1 0 0 500 250 0
25 100
3
0 0 0 484 351 50
0 1 1 442 253 0
1 0 0 500 250 0
25 100
3
0 0 0 484 351 60
0 1 1 450 250 0
1 0 0 500 250 0
25 100
3
0 0 0 484 351 70
0 1 1 450 250 5
1 0 0 500 250 0
25 100
3
0 0 0 484 351 80
0 1 1 450 250 5
1 0 0 500 250 0
25 100
3
0 0 0 484 351 90
0 1 1 450 250 5
1 0 0 500 250 0
25 100
3
0 0 0 484 351 100
0 1 1 450 250 5
1 0 0 500 250 0
25 100
3
0 0 0 410 334 100
0 1 1 450 250 5
1 0 0 500 250 0
25 100
3
0 0 0 336 316 100
0 1 1 450 250 5
1 0 0 500 250 0
25 100
3
0 0 0 262 299 100
0 1 1 450 250 5
1 0 0 500 250 0
25 100
3
0 0 0 188 282 100
0 1 1 450 250 5
1 0 0 500 250 0
25 100
3
0 0 0 114 265 100
0 1 1 450 250 5
1 0 0 500 250 0
125 100
3
0 0 0 50 250 0
0 1 1 450 250 5
1 0 0 500 250 0
125 100
3
0 0 0 123 266 0
0 1 1 450 250 5
1 0 0 500 250 0
125 100
3
0 0 0 196 283 0
0 1 1 450 250 5
1 0 0 500 250 0
125 100
3
0 0 0 268 300 0
0 1 1 450 250 5
1 0 0 500 250 0
125 100
3
0 0 0 340 317 0
0 1 1 450 250 5
1 0 0 500 250 0
125 100
3
0 0 0 412 334 0
0 1 1 450 250 5
1 0 0 500 250 0
125 100
3
0 0 0 484 351 10
0 1 1 450 250 5
1 0 0 500 250 0
125 100
3
0 0 0 484 351 20
0 1 1 450 250 5
1 0 0 500 250 0
125 100
3
0 0 0 484 351 30
0 1 1 450 250 5
1 0 0 500 250 0
125 100
3
0 0 0 484 351 40
0 1 1 450 250 5
1 0 0 500 250 0
125 100
3
0 0 0 484 351 50
0 1 1 450 250 5
1 0 0 500 250 0
125 100
3
0 0 0 484 351 60
0 1 1 450 250 5
1 0 0 500 250 0
125 100
3
0 0 0 484 351 70
0 1 1 450 250 5
1 0 0 500 250 0
125 100
3
0 0 0 484 351 80
0 1 1 450 250 5
1 0 0 500 250 0
125 100
3
0 0 0 484 351 90
0 1 1 450 250 5
1 0 0 500 250 0
125 100
3
0 0 0 484 351 100
0 1 1 450 250 5
1 0 0 500 250 0
125 100
3
0 0 0 410 334 100
0 1 1 450 250 5
1 0 0 500 250 0
125 100
3
0 0 0 336 316 100
0 1 1 450 250 5
1 0 0 500 250 0
125 100
3
0 0 0 262 299 100
0 1 1 450 250 5
1 0 0 500 250 0
125 100
3
0 0 0 188 282 100
0 1 1 450 250 5
1 0 0 500 250 0
125 100
3
0 0 0 114 265 100
0 1 1 450 250 5
1 0 0 500 250 0
225 100
3
0 0 0 50 250 0
0 1 1 450 250 5
1 0 0 500 250 0
225 100
3
0 0 0 123 266 0
0 1 1 450 250 5
1 0 0 500 250 0
225 100
3
0 0 0 196 283 0
0 1 1 450 250 5
1 0 0 500 250 0
225 100
3
0 0 0 268 300 0
0 1 1 450 250 5
1 0 0 500 250 0
225 100
3
0 0 0 340 317 0
0 1 1 450 250 5
1 0 0 500 250 0
225 100
3
0 0 0 412 334 0
0 1 1 450 250 5
1 0 0 500 250 0
225 100
3
0 0 0 484 351 10
0 1 1 450 250 5
1 0 0 500 250 0
225 100
3
0 0 0 484 351 20
0 1 1 450 250 5
1 0 0 500 250 0
225 100
3
0 0 0 484 351 30
0 1 1 450 250 5
1 0 0 500 250 0
225 100
3
0 0 0 484 351 40
0 1 1 450 250 5
1 0 0 500 250 0
225 100
3
0 0 0 484 351 50
0 1 1 450 250 5
1 0 0 500 250 0
225 100
3
0 0 0 484 351 60
0 1 1 450 250 5
1 0 0 500 250 0
225 100
3
0 0 0 484 351 70
0 1 1 450 250 5
1 0 0 500 250 0
225 100
3
0 0 0 484 351 80
0 1 1 450 250 5
1 0 0 500 250 0
225 100
3
0 0 0 484 351 90
0 1 1 450 250 5
1 0 0 500 250 0
225 100
3
0 0 0 484 351 100
0 1 1 450 250 5
1 0 0 500 250 0
225 100
3
0 0 0 410 334 100
0 1 1 450 250 5
1 0 0 500 250 0
225 100
3
0 0 0 336 316 100
0 1 1 450 250 5
1 0 0 500 250 0
225 100
3
0 0 0 262 299 100
0 1 1 450 250 5
1 0 0 500 250 0
225 100
3
0 0 0 188 282 100
0 1 1 450 250 5
1 0 0 500 250 0
225 100
3
0 0 0 114 265 100
0 1 1 450 250 5
1 0 0 500 250 0
325 100
3
0 0 0 50 250 0
0 1 1 450 250 5
1 0 0 500 250 0
325 100
3
0 0 0 123 266 0
0 1 1 450 250 5
1 0 0 500 250 0
325 100
3
0 0 0 196 283 0
0 1 1 450 250 5
1 0 0 500 250 0
325 100
3
0 0 0 268 300 0
0 1 1 450 250 5
1 0 0 500 250 0
325 100
3
0 0 0 340 317 0
0 1 1 450 250 5
1 0 0 500 250 0
325 100
3
0 0 0 412 334 0
0 1 1 450 250 5
1 0 0 500 250 0
325 100
3
0 0 0 484 351 10
0 1 1 450 250 5
1 0 0 500 250 0
325 100
3
0 0 0 484 351 20
0 1 1 450 250 5
1 0 0 500 250 0
325 100
3
0 0 0 484 351 30
0 1 1 450 250 5
1 0 0 500 250 0
325 100
3
0 0 0 484 351 40
0 1 1 450 250 5
1 0 0 500 250 0
325 100
3
0 0 0 484 351 50
0 1 1 450 250 5
1 0 0 500 250 0
325 100
3
0 0 0 484 351 60
0 1 1 450 250 5
1 0 0 500 250 0
325 100
3
0 0 0 484 351 70
0 1 1 450 250 5
1 0 0 500 250 0
325 100
3
0 0 0 484 351 80
0 1 1 450 250 5
1 0 0 500 250 0
325 100
3
0 0 0 484 351 90
0 1 1 450 250 5
1 0 0 500 250 0
325 100
3
0 0 0 484 351 100
0 1 1 450 250 5
1 0 0 500 250 0
325 100
3
0 0 0 410 334 100
0 1 1 450 250 5
1 0 0 500 250 0
325 100
3
0 0 0 336 316 100
0 1 1 450 250 5
1 0 0 500 250 0
325 100
3
0 0 0 262 299 100
0 1 1 450 250 5
1 0 0 500 250 0
325 100
3
0 0 0 188 282 100
0 1 1 450 250 5
1 0 0 500 250 0
325 100
3
0 0 0 114 265 100
0 1 1 450 250 5
1 0 0 500 250 0
425 100
3
0 0 0 50 250 0
0 1 1 450 250 5
1 0 0 500 250 0
425 100
3
0 0 0 123 266 0
0 1 1 450 250 5
1 0 0 500 250 0
425 100
3
0 0 0 196 283 0
0 1 1 450 250 5
1 0 0 500 250 0
425 100
3
0 0 0 268 300 0
0 1 1 450 250 5
1 0 0 500 250 0
425 100
3
0 0 0 340 317 0
0 1 1 450 250 5
1 0 0 500 250 0
425 100
3
0 0 0 412 334 0
0 1 1 450 250 5
1 0 0 500 250 0
425 100
3
0 0 0 484 351 10
0 1 1 450 250 5
1 0 0 500 250 0
425 100
3
0 0 0 484 351 20
0 1 1 450 250 5
1 0 0 500 250 0
425 100
3
0 0 0 484 351 30
0 1 1 450 250 5
1 0 0 500 250 0
425 100
3
0 0 0 484 351 40
0 1 1 450 250 5
1 0 0 500 250 0
425 100
3
0 0 0 484 351 50
0 1 1 450 250 5
1 0 0 500 250 0
425 100
3
0 0 0 484 351 60
0 1 1 450 250 5
1 0 0 500 250 0
425 100
3
0 0 0 484 351 70
0 1 1 450 250 5
1 0 0 500 250 0
425 100
3
0 0 0 484 351 80
0 1 1 450 250 5
1 0 0 500 250 0
425 100
3
0 0 0 484 351 90
0 1 1 450 250 5
1 0 0 500 250 0
425 100
3
0 0 0 484 351 100
0 1 1 450 250 5
1 0 0 500 250 0
425 100
3
0 0 0 410 334 100
0 1 1 450 250 5
1 0 0 500 250 0
425 100
3
0 0 0 336 316 100
0 1 1 450 250 5
1 0 0 500 250 0
425 100
3
0 0 0 262 299 100
0 1 1 450 250 5
1 0 0 500 250 0
425 100
3
0 0 0 188 282 100
0 1 1 450 250 5
1 0 0 500 250 0
425 100
3
0 0 0 114 265 100
0 1 1 450 250 5
1 0 0 500 250 0
525 100
3
0 0 0 50 250 0
0 1 1 450 250 5
1 0 0 500 250 0
525 100
3
0 0 0 123 266 0
0 1 1 450 250 5
1 0 0 500 250 0
525 100
3
0 0 0 196 283 0
0 1 1 450 250 5
1 0 0 500 250 0
525 100
3
0 0 0 268 300 0
0 1 1 450 250 5
1 0 0 500 250 0
525 100
3
0 0 0 340 317 0
0 1 1 450 250 5
1 0 0 500 250 0
525 100
3
0 0 0 412 334 0
0 1 1 450 250 5
1 0 0 500 250 0
525 100
3
0 0 0 484 351 10
0 1 1 450 250 5
1 0 0 500 250 0
525 100
3
0 0 0 484 351 20
0 1 1 450 250 5
1 0 0 500 250 0
525 100
3
0 0 0 484 351 30
0 1 1 450 250 5
1 0 0 500 250 0
525 100
3
0 0 0 484 351 40
0 1 1 450 250 5
1 0 0 500 250 0
525 100
3
0 0 0 484 351 50
0 1 1 450 250 5
1 0 0 500 250 0
525 100
3
0 0 0 484 351 60
0 1 1 450 250 5
1 0 0 500 250 0
525 100
3
0 0 0 484 351 70
0 1 1 450 250 5
1 0 0 500 250 0
525 100
3
0 0 0 484 351 80
0 1 1 450 250 5
1 0 0 500 250 0
525 100
3
0 0 0 484 351 90
0 1 1 450 250 5
1 0 0 500 250 0
525 100
3
0 0 0 484 351 100
0 1 1 450 250 5
1 0 0 500 250 0
525 100
3
0 0 0 410 334 100
0 1 1 450 250 5
1 0 0 500 250 0
525 100
3
0 0 0 336 316 100
0 1 1 450 250 5
1 0 0 500 250 0
525 100
3
0 0 0 262 299 100
0 1 1 450 250 5
1 0 0 500 250 0
525 100
3
0 0 0 188 282 100
0 1 1 450 250 5
1 0 0 500 250 0
525 100
3
0 0 0 114 265 100
0 1 1 450 250 5
1 0 0 500 250 0
625 100
3
0 0 0 50 250 0
0 1 1 450 250 5
1 0 0 500 250 0
625 100
3
0 0 0 123 266 0
0 1 1 450 250 5
1 0 0 500 250 0
625 100
3
0 0 0 196 283 0
0 1 1 450 250 5
1 0 0 500 250 0
625 100
3
0 0 0 268 300 0
0 1 1 450 250 5
1 0 0 500 250 0
625 100
3
0 0 0 340 317 0
0 1 1 450 250 5
1 0 0 500 250 0
625 100
3
0 0 0 412 334 0
0 1 1 450 250 5
1 0 0 500 250 0
625 100
3
0 0 0 484 351 10
0 1 1 450 250 5
1 0 0 500 250 0
625 100
3
0 0 0 484 351 20
0 1 1 450 250 5
1 0 0 500 250 0
625 100
3
0 0 0 484 351 30
0 1 1 450 250 5
1 0 0 500 250 0
625 100
3
0 0 0 484 351 40
0 1 1 450 250 5
1 0 0 500 250 0
625 100
3
0 0 0 484 351 50
0 1 1 450 250 5
1 0 0 500 250 0
625 100
3
0 0 0 484 351 60
0 1 1 450 250 5
1 0 0 500 250 0
625 100
3
0 0 0 484 351 70
0 1 1 450 250 5
1 0 0 500 250 0
625 100
3
0 0 0 484 351 80
0 1 1 450 250 5
1 0 0 500 250 0
625 100
3
0 0 0 484 351 90
0 1 1 450 250 5
1 0 0 500 250 0
625 100
3
0 0 0 484 351 100
0 1 1 450 250 5
1 0 0 500 250 0
625 100
3
0 0 0 410 334 100
0 1 1 450 250 5
1 0 0 500 250 0
625 100
3
0 0 0 336 316 100
0 1 1 450 250 5
1 0 0 500 250 0
625 100
3
0 0 0 262 299 100
0 1 1 450 250 5
1 0 0 500 250 0
625 100
3
0 0 0 188 282 100
0 1 1 450 250 5
1 0 0 500 250 0
625 100
3
0 0 0 114 265 100
0 1 1 450 250 5
1 0 0 500 250 0
725 100
3
0 0 0 50 250 0
0 1 1 450 250 5
1 0 0 500 250 0
725 100
3
0 0 0 123 266 0
0 1 1 450 250 5
1 0 0 500 250 0
725 100
3
0 0 0 196 283 0
0 1 1 450 250 5
1 0 0 500 250 0
725 100
3
0 0 0 268 300 0
0 1 1 450 250 5
1 0 0 500 250 0
725 100
3
0 0 0 340 317 0
0 1 1 450 250 5
1 0 0 500 250 0
725 100
3
0 0 0 412 334 0
0 1 1 450 250 5
1 0 0 500 250 0
725 100
3
0 0 0 484 351 10
0 1 1 450 250 5
1 0 0 500 250 0
725 100
3
0 0 0 484 351 20
0 1 1 450 250 5
1 0 0 500 250 0
725 100
3
0 0 0 484 351 30
0 1 1 450 250 5
1 0 0 500 250 0
725 100
3
0 0 0 484 351 40
0 1 1 450 250 5
1 0 0 500 250 0
725 100
3
0 0 0 484 351 50
0 1 1 450 250 5
1 0 0 500 250 0
725 100
3
0 0 0 484 351 60
0 1 1 450 250 5
1 0 0 500 250 0
725 100
3
0 0 0 484 351 70
0 1 1 450 250 5
1 0 0 500 250 0
725 100
3
0 0 0 484 351 80
0 1 1 450 250 5
1 0 0 500 250 0
725 100
3
0 0 0 484 351 90
0 1 1 450 250 5
1 0 0 500 250 0
725 100
3
0 0 0 484 351 100
0 1 1 450 250 5
1 0 0 500 250 0
725 100
3
0 0 0 410 334 100
0 1 1 450 250 5
1 0 0 500 250 0
725 100
3
0 0 0 336 316 100
0 1 1 450 250 5
1 0 0 500 250 0
725 100
3
0 0 0 262 299 100
0 1 1 450 250 5
1 0 0 500 250 0
725 100
3
0 0 0 188 282 100
0 1 1 450 250 5
1 0 0 500 250 0
725 100
3
0 0 0 114 265 100
0 1 1 450 250 5
1 0 0 500 250 0
825 100
3
0 0 0 50 250 0
0 1 1 450 250 5
1 0 0 500 250 0
825 100
3
0 0 0 123 266 0
0 1 1 450 250 5
1 0 0 500 250 0
825 100
3
0 0 0 196 283 0
0 1 1 450 250 5
1 0 0 500 250 0
825 100
3
0 0 0 268 300 0
0 1 1 450 250 5
1 0 0 500 250 0
825 100
3
0 0 0 340 317 0
0 1 1 450 250 5
1 0 0 500 250 0
825 100
3
0 0 0 412 334 0
0 1 1 450 250 5
1 0 0 500 250 0
825 100
3
0 0 0 484 351 10
0 1 1 450 250 5
1 0 0 500 250 0
825 100
3
0 0 0 484 351 20
0 1 1 450 250 5
1 0 0 500 250 0
825 100
3
0 0 0 484 351 30
0 1 1 450 250 5
1 0 0 500 250 0
825 100
3
0 0 0 484 351 40
0 1 1 450 250 5
1 0 0 500 250 0
825 100
3
0 0 0 484 351 50
0 1 1 450 250 5
1 0 0 500 250 0
825 100
3
0 0 0 484 351 60
0 1 1 450 250 5
1 0 0 500 250 0
825 100
3
0 0 0 484 351 70
0 1 1 450 250 5
1 0 0 500 250 0
825 100
3
0 0 0 484 351 80
0 1 1 450 250 5
1 0 0 500 250 0
825 100
3
0 0 0 484 351 90
0 1 1 450 250 5
1 0 0 500 250 0
825 100
3
0 0 0 484 351 100
0 1 1 450 250 5
1 0 0 500 250 0
825 100
3
0 0 0 410 334 100
0 1 1 450 250 5
1 0 0 500 250 0
825 100
3
0 0 0 336 316 100
0 1 1 450 250 5
1 0 0 500 250 0
825 100
3
0 0 0 262 299 100
0 1 1 450 250 5
1 0 0 500 250 0
825 100
3
0 0 0 188 282 100
0 1 1 450 250 5
1 0 0 500 250 0
825 100
3
0 0 0 114 265 100
0 1 1 450 250 5
1 0 0 500 250 0
925 100
3
0 0 0 50 250 0
0 1 1 450 250 5
1 0 0 500 250 0
925 100
3
0 0 0 123 266 0
0 1 1 450 250 5
1 0 0 500 250 0
925 100
3
0 0 0 196 283 0
0 1 1 450 250 5
1 0 0 500 250 0
925 100
3
0 0 0 268 300 0
0 1 1 450 250 5
1 0 0 500 250 0
925 100
3
0 0 0 340 317 0
0 1 1 450 250 5
1 0 0 500 250 0
925 100
3
0 0 0 412 334 0
0 1 1 450 250 5
1 0 0 500 250 0
925 100
3
0 0 0 484 351 10
0 1 1 450 250 5
1 0 0 500 250 0
925 100
3
0 0 0 484 351 20
0 1 1 450 250 5
1 0 0 500 250 0
925 100
3
0 0 0 484 351 30
0 1 1 450 250 5
1 0 0 500 250 0
925 100
3
0 0 0 484 351 40
0 1 1 450 250 5
1 0 0 500 250 0
925 100
3
0 0 0 484 351 50
0 1 1 450 250 5
1 0 0 500 250 0
925 100
3
0 0 0 484 351 60
0 1 1 450 250 5
1 0 0 500 250 0
