0
825 100
2
439 124
561 376
201
100 100
2
0 0 0 57 62 0
1 0 0 963 135 0
0
25 100
3
0 0 0 120 101 0
0 1 1 72 413 0
1 0 0 890 153 0
0
25 100
3
0 0 0 183 140 0
0 1 1 117 393 0
1 0 0 817 171 0
0
25 100
3
0 0 0 246 179 0
0 1 1 162 373 0
1 0 0 744 189 0
0
25 100
3
0 0 0 309 218 0
0 1 1 207 353 0
1 0 0 671 207 0
0
25 100
3
0 0 0 372 257 0
0 1 1 253 333 0
1 0 0 598 225 0
0
25 100
3
0 0 0 435 296 0
0 1 1 299 313 0
1 0 0 525 243 0
0
25 100
3
0 0 0 498 336 0
0 1 1 345 293 0
1 0 0 500 250 0
0
25 100
3
0 0 0 561 376 10
0 1 1 391 274 0
1 0 0 500 250 0
0
25 100
3
0 0 0 561 376 20
0 1 1 437 255 0
1 0 0 500 250 0
0
25 100
3
0 0 0 561 376 30
0 1 1 450 250 0
1 0 0 500 250 0
0
25 100
2
0 0 0 561 376 40
0 1 1 450 250 5
1
500 250
25 100
2
0 0 0 561 376 50
0 1 1 450 250 4
0
25 100
2
0 0 0 561 376 60
0 1 1 450 250 3
0
25 100
2
0 0 0 561 376 70
0 1 1 450 250 2
0
25 100
2
0 0 0 561 376 80
0 1 1 450 250 1
0
25 100
2
0 0 0 561 376 90
0 1 1 450 250 0
0
25 100
2
0 0 0 561 376 100
0 1 1 450 250 5
1
500 250
25 100
2
0 0 0 488 358 100
0 1 1 450 250 4
0
25 100
2
0 0 0 415 340 100
0 1 1 450 250 3
0
25 100
2
0 0 0 342 322 100
0 1 1 450 250 2
0
25 100
2
0 0 0 269 304 100
0 1 1 450 250 1
0
25 100
2
0 0 0 196 286 100
0 1 1 450 250 0
0
25 100
2
0 0 0 123 268 100
0 1 1 450 250 5
1
500 250
125 100
2
0 0 0 50 250 0
0 1 1 450 250 4
0
125 100
2
0 0 0 122 267 0
0 1 1 450 250 3
0
125 100
2
0 0 0 194 285 0
0 1 1 450 250 2
0
125 100
2
0 0 0 266 303 0
0 1 1 450 250 1
0
125 100
2
0 0 0 338 321 0
0 1 1 450 250 0
0
125 100
2
0 0 0 410 338 0
0 1 1 450 250 5
1
500 250
125 100
2
0 0 0 482 356 0
0 1 1 450 250 4
0
125 100
2
0 0 0 554 374 10
0 1 1 450 250 3
0
125 100
2
0 0 0 561 376 20
0 1 1 450 250 2
0
125 100
2
0 0 0 561 376 30
0 1 1 450 250 1
0
125 100
2
0 0 0 561 376 40
0 1 1 450 250 0
0
125 100
2
0 0 0 561 376 50
0 1 1 450 250 5
1
500 250
125 100
2
0 0 0 561 376 60
0 1 1 450 250 4
0
125 100
2
0 0 0 561 376 70
0 1 1 450 250 3
0
125 100
2
0 0 0 561 376 80
0 1 1 450 250 2
0
125 100
2
0 0 0 561 376 90
0 1 1 450 250 1
0
125 100
2
0 0 0 561 376 100
0 1 1 450 250 0
0
125 100
2
0 0 0 488 358 100
0 1 1 450 250 5
1
500 250
125 100
2
0 0 0 415 340 100
0 1 1 450 250 4
0
125 100
2
0 0 0 342 322 100
0 1 1 450 250 3
0
125 100
2
0 0 0 269 304 100
0 1 1 450 250 2
0
125 100
2
0 0 0 196 286 100
0 1 1 450 250 1
0
125 100
2
0 0 0 123 268 100
0 1 1 450 250 0
0
225 100
2
0 0 0 50 250 0
0 1 1 450 250 5
1
500 250
225 100
2
0 0 0 122 267 0
0 1 1 450 250 4
0
225 100
2
0 0 0 194 285 0
0 1 1 450 250 3
0
225 100
2
0 0 0 266 303 0
0 1 1 450 250 2
0
225 100
2
0 0 0 338 321 0
0 1 1 450 250 1
0
225 100
2
0 0 0 410 338 0
0 1 1 450 250 0
0
225 100
2
0 0 0 482 356 0
0 1 1 450 250 5
1
500 250
225 100
2
0 0 0 554 374 10
0 1 1 450 250 4
0
225 100
2
0 0 0 561 376 20
0 1 1 450 250 3
0
225 100
2
0 0 0 561 376 30
0 1 1 450 250 2
0
225 100
2
0 0 0 561 376 40
0 1 1 450 250 1
0
225 100
2
0 0 0 561 376 50
0 1 1 450 250 0
0
225 100
2
0 0 0 561 376 60
0 1 1 450 250 5
1
500 250
225 100
2
0 0 0 561 376 70
0 1 1 450 250 4
0
225 100
2
0 0 0 561 376 80
0 1 1 450 250 3
0
225 100
2
0 0 0 561 376 90
0 1 1 450 250 2
0
225 100
2
0 0 0 561 376 100
0 1 1 450 250 1
0
225 100
2
0 0 0 488 358 100
0 1 1 450 250 0
0
225 100
2
0 0 0 415 340 100
0 1 1 450 250 5
1
500 250
225 100
2
0 0 0 342 322 100
0 1 1 450 250 4
0
225 100
2
0 0 0 269 304 100
0 1 1 450 250 3
0
225 100
2
0 0 0 196 286 100
0 1 1 450 250 2
0
225 100
2
0 0 0 123 268 100
0 1 1 450 250 1
0
325 100
2
0 0 0 50 250 0
0 1 1 450 250 0
0
325 100
2
0 0 0 122 267 0
0 1 1 450 250 5
1
500 250
325 100
2
0 0 0 194 285 0
0 1 1 450 250 4
0
325 100
2
0 0 0 266 303 0
0 1 1 450 250 3
0
325 100
2
0 0 0 338 321 0
0 1 1 450 250 2
0
325 100
2
0 0 0 410 338 0
0 1 1 450 250 1
0
325 100
2
0 0 0 482 356 0
0 1 1 450 250 0
0
325 100
2
0 0 0 554 374 10
0 1 1 450 250 5
1
500 250
325 100
2
0 0 0 561 376 20
0 1 1 450 250 4
0
325 100
2
0 0 0 561 376 30
0 1 1 450 250 3
0
325 100
2
0 0 0 561 376 40
0 1 1 450 250 2
0
325 100
2
0 0 0 561 376 50
0 1 1 450 250 1
0
325 100
2
0 0 0 561 376 60
0 1 1 450 250 0
0
325 100
2
0 0 0 561 376 70
0 1 1 450 250 5
1
500 250
325 100
2
0 0 0 561 376 80
0 1 1 450 250 4
0
325 100
2
0 0 0 561 376 90
0 1 1 450 250 3
0
325 100
2
0 0 0 561 376 100
0 1 1 450 250 2
0
325 100
2
0 0 0 488 358 100
0 1 1 450 250 1
0
325 100
2
0 0 0 415 340 100
0 1 1 450 250 0
0
325 100
2
0 0 0 342 322 100
0 1 1 450 250 5
1
500 250
325 100
2
0 0 0 269 304 100
0 1 1 450 250 4
0
325 100
2
0 0 0 196 286 100
0 1 1 450 250 3
0
325 100
2
0 0 0 123 268 100
0 1 1 450 250 2
0
425 100
2
0 0 0 50 250 0
0 1 1 450 250 1
0
425 100
2
0 0 0 122 267 0
0 1 1 450 250 0
0
425 100
2
0 0 0 194 285 0
0 1 1 450 250 5
1
500 250
425 100
2
0 0 0 266 303 0
0 1 1 450 250 4
0
425 100
2
0 0 0 338 321 0
0 1 1 450 250 3
0
425 100
2
0 0 0 410 338 0
0 1 1 450 250 2
0
425 100
2
0 0 0 482 356 0
0 1 1 450 250 1
0
425 100
2
0 0 0 554 374 10
0 1 1 450 250 0
0
425 100
2
0 0 0 561 376 20
0 1 1 450 250 5
1
500 250
425 100
2
0 0 0 561 376 30
0 1 1 450 250 4
0
425 100
2
0 0 0 561 376 40
0 1 1 450 250 3
0
425 100
2
0 0 0 561 376 50
0 1 1 450 250 2
0
425 100
2
0 0 0 561 376 60
0 1 1 450 250 1
0
425 100
2
0 0 0 561 376 70
0 1 1 450 250 0
0
425 100
2
0 0 0 561 376 80
0 1 1 450 250 5
1
500 250
425 100
2
0 0 0 561 376 90
0 1 1 450 250 4
0
425 100
2
0 0 0 561 376 100
0 1 1 450 250 3
0
425 100
2
0 0 0 488 358 100
0 1 1 450 250 2
0
425 100
2
0 0 0 415 340 100
0 1 1 450 250 1
0
425 100
2
0 0 0 342 322 100
0 1 1 450 250 0
0
425 100
2
0 0 0 269 304 100
0 1 1 450 250 5
1
500 250
425 100
2
0 0 0 196 286 100
0 1 1 450 250 4
0
425 100
2
0 0 0 123 268 100
0 1 1 450 250 3
0
525 100
2
0 0 0 50 250 0
0 1 1 450 250 2
0
525 100
2
0 0 0 122 267 0
0 1 1 450 250 1
0
525 100
2
0 0 0 194 285 0
0 1 1 450 250 0
0
525 100
2
0 0 0 266 303 0
0 1 1 450 250 5
1
500 250
525 100
2
0 0 0 338 321 0
0 1 1 450 250 4
0
525 100
2
0 0 0 410 338 0
0 1 1 450 250 3
0
525 100
2
0 0 0 482 356 0
0 1 1 450 250 2
0
525 100
2
0 0 0 554 374 10
0 1 1 450 250 1
0
525 100
2
0 0 0 561 376 20
0 1 1 450 250 0
0
525 100
2
0 0 0 561 376 30
0 1 1 450 250 5
1
500 250
525 100
2
0 0 0 561 376 40
0 1 1 450 250 4
0
525 100
2
0 0 0 561 376 50
0 1 1 450 250 3
0
525 100
2
0 0 0 561 376 60
0 1 1 450 250 2
0
525 100
2
0 0 0 561 376 70
0 1 1 450 250 1
0
525 100
2
0 0 0 561 376 80
0 1 1 450 250 0
0
525 100
2
0 0 0 561 376 90
0 1 1 450 250 5
1
500 250
525 100
2
0 0 0 561 376 100
0 1 1 450 250 4
0
525 100
2
0 0 0 488 358 100
0 1 1 450 250 3
0
525 100
2
0 0 0 415 340 100
0 1 1 450 250 2
0
525 100
2
0 0 0 342 322 100
0 1 1 450 250 1
0
525 100
2
0 0 0 269 304 100
0 1 1 450 250 0
0
525 100
2
0 0 0 196 286 100
0 1 1 450 250 5
1
500 250
525 100
2
0 0 0 123 268 100
0 1 1 450 250 4
0
625 100
2
0 0 0 50 250 0
0 1 1 450 250 3
0
625 100
2
0 0 0 122 267 0
0 1 1 450 250 2
0
625 100
2
0 0 0 194 285 0
0 1 1 450 250 1
0
625 100
2
0 0 0 266 303 0
0 1 1 450 250 0
0
625 100
2
0 0 0 338 321 0
0 1 1 450 250 5
1
500 250
625 100
2
0 0 0 410 338 0
0 1 1 450 250 4
0
625 100
2
0 0 0 482 356 0
0 1 1 450 250 3
0
625 100
2
0 0 0 554 374 10
0 1 1 450 250 2
0
625 100
2
0 0 0 561 376 20
0 1 1 450 250 1
0
625 100
2
0 0 0 561 376 30
0 1 1 450 250 0
0
625 100
2
0 0 0 561 376 40
0 1 1 450 250 5
1
500 250
625 100
2
0 0 0 561 376 50
0 1 1 450 250 4
0
625 100
2
0 0 0 561 376 60
0 1 1 450 250 3
0
625 100
2
0 0 0 561 376 70
0 1 1 450 250 2
0
625 100
2
0 0 0 561 376 80
0 1 1 450 250 1
0
625 100
2
0 0 0 561 376 90
0 1 1 450 250 0
0
625 100
2
0 0 0 561 376 100
0 1 1 450 250 5
1
500 250
625 100
2
0 0 0 488 358 100
0 1 1 450 250 4
0
625 100
2
0 0 0 415 340 100
0 1 1 450 250 3
0
625 100
2
0 0 0 342 322 100
0 1 1 450 250 2
0
625 100
2
0 0 0 269 304 100
0 1 1 450 250 1
0
625 100
2
0 0 0 196 286 100
0 1 1 450 250 0
0
625 100
2
0 0 0 123 268 100
0 1 1 450 250 5
1
500 250
725 100
2
0 0 0 50 250 0
0 1 1 450 250 4
0
725 100
2
0 0 0 122 267 0
0 1 1 450 250 3
0
725 100
2
0 0 0 194 285 0
0 1 1 450 250 2
0
725 100
2
0 0 0 266 303 0
0 1 1 450 250 1
0
725 100
2
0 0 0 338 321 0
0 1 1 450 250 0
0
725 100
2
0 0 0 410 338 0
0 1 1 450 250 5
1
500 250
725 100
2
0 0 0 482 356 0
0 1 1 450 250 4
0
725 100
2
0 0 0 554 374 10
0 1 1 450 250 3
0
725 100
2
0 0 0 561 376 20
0 1 1 450 250 2
0
725 100
2
0 0 0 561 376 30
0 1 1 450 250 1
0
725 100
2
0 0 0 561 376 40
0 1 1 450 250 0
0
725 100
2
0 0 0 561 376 50
0 1 1 450 250 5
1
500 250
725 100
2
0 0 0 561 376 60
0 1 1 450 250 4
0
725 100
2
0 0 0 561 376 70
0 1 1 450 250 3
0
725 100
2
0 0 0 561 376 80
0 1 1 450 250 2
0
725 100
2
0 0 0 561 376 90
0 1 1 450 250 1
0
725 100
2
0 0 0 561 376 100
0 1 1 450 250 0
0
725 100
2
0 0 0 488 358 100
0 1 1 450 250 5
1
500 250
725 100
2
0 0 0 415 340 100
0 1 1 450 250 4
0
725 100
2
0 0 0 342 322 100
0 1 1 450 250 3
0
725 100
2
0 0 0 269 304 100
0 1 1 450 250 2
0
725 100
2
0 0 0 196 286 100
0 1 1 450 250 1
0
725 100
2
0 0 0 123 268 100
0 1 1 450 250 0
0
825 100
2
0 0 0 50 250 0
0 1 1 450 250 5
1
500 250
825 100
2
0 0 0 122 267 0
0 1 1 450 250 4
0
825 100
2
0 0 0 194 285 0
0 1 1 450 250 3
0
825 100
2
0 0 0 266 303 0
0 1 1 450 250 2
0
825 100
2
0 0 0 338 321 0
0 1 1 450 250 1
0
825 100
2
0 0 0 410 338 0
0 1 1 450 250 0
0
825 100
2
0 0 0 482 356 0
0 1 1 450 250 5
1
500 250
825 100
2
0 0 0 554 374 10
0 1 1 450 250 4
0
825 100
2
0 0 0 561 376 20
0 1 1 450 250 3
0
825 100
2
0 0 0 561 376 30
0 1 1 450 250 2
0
825 100
2
0 0 0 561 376 40
0 1 1 450 250 1
0
825 100
2
0 0 0 561 376 50
0 1 1 450 250 0
0
825 100
2
0 0 0 561 376 60
0 1 1 450 250 5
1
500 250
825 100
2
0 0 0 561 376 70
0 1 1 450 250 4
0
825 100
2
0 0 0 561 376 80
0 1 1 450 250 3
0
825 100
2
0 0 0 561 376 90
0 1 1 450 250 2
0
