0
455 200
2
485 279
515 221
201
0 0
2
0 0 0 33 128 0
1 0 0 926 362 0
0
1 1
2
0 0 0 106 142 0
1 0 0 926 362 0
0
2 2
2
0 0 0 179 156 0
1 0 0 926 362 0
0
3 3
2
0 0 0 252 170 0
1 0 0 926 362 0
0
4 4
2
0 0 0 325 184 0
1 0 0 926 362 0
0
5 5
2
0 0 0 398 198 0
1 0 0 926 362 0
0
6 6
2
0 0 0 471 212 0
1 0 0 926 362 0
0
7 7
2
0 0 0 515 221 5
1 0 0 926 362 0
0
8 8
2
0 0 0 515 221 10
1 0 0 926 362 0
0
9 9
2
0 0 0 515 221 15
1 0 0 926 362 0
0
10 10
2
0 0 0 515 221 20
1 0 0 926 362 0
0
11 11
2
0 0 0 515 221 25
1 0 0 926 362 0
0
12 12
2
0 0 0 515 221 30
1 0 0 926 362 0
0
13 13
2
0 0 0 440 225 30
1 0 0 926 362 0
0
14 14
2
0 0 0 365 229 30
1 0 0 926 362 0
0
15 15
2
0 0 0 290 233 30
1 0 0 926 362 0
0
16 16
2
0 0 0 215 238 30
1 0 0 926 362 0
0
17 17
2
0 0 0 140 243 30
1 0 0 926 362 0
0
48 18
2
0 0 0 65 248 0
1 0 0 926 362 0
0
49 19
2
0 0 0 139 243 0
1 0 0 926 362 0
0
50 20
2
0 0 0 213 238 0
1 0 0 926 362 0
0
51 21
2
0 0 0 287 233 0
1 0 0 926 362 0
0
52 22
2
0 0 0 361 229 0
1 0 0 926 362 0
0
53 23
2
0 0 0 435 225 0
1 0 0 926 362 0
0
54 24
2
0 0 0 509 221 5
1 0 0 926 362 0
0
55 25
2
0 0 0 515 221 10
1 0 0 926 362 0
0
56 26
2
0 0 0 515 221 15
1 0 0 926 362 0
0
57 27
2
0 0 0 515 221 20
1 0 0 926 362 0
0
58 28
2
0 0 0 515 221 25
1 0 0 926 362 0
0
59 29
2
0 0 0 515 221 30
1 0 0 926 362 0
0
60 30
2
0 0 0 440 225 30
1 0 0 926 362 0
0
61 31
2
0 0 0 365 229 30
1 0 0 926 362 0
0
62 32
2
0 0 0 290 233 30
1 0 0 926 362 0
0
63 33
2
0 0 0 215 238 30
1 0 0 926 362 0
0
64 34
2
0 0 0 140 243 30
1 0 0 926 362 0
0
95 35
2
0 0 0 65 248 0
1 0 0 926 362 0
0
21 36
3
0 0 0 139 243 0
0 1 1 49 394 0
1 0 0 926 362 0
0
22 37
3
0 0 0 213 238 0
0 1 1 96 377 0
1 0 0 926 362 0
0
23 38
3
0 0 0 287 233 0
0 1 1 143 360 0
1 0 0 926 362 0
0
24 39
3
0 0 0 361 229 0
0 1 1 190 343 0
1 0 0 926 362 0
0
25 40
3
0 0 0 435 225 0
0 1 1 237 326 0
1 0 0 926 362 0
0
26 41
3
0 0 0 509 221 5
0 1 1 284 309 0
1 0 0 926 362 0
0
27 42
3
0 0 0 515 221 10
0 1 1 331 292 0
1 0 0 926 362 0
0
28 43
3
0 0 0 515 221 15
0 1 1 378 275 0
1 0 0 926 362 0
0
29 44
3
0 0 0 515 221 20
0 1 1 425 258 0
1 0 0 926 362 0
0
30 45
3
0 0 0 515 221 25
0 1 1 450 250 0
1 0 0 926 362 0
0
31 46
3
0 0 0 515 221 30
0 1 1 450 250 10
1 0 0 926 362 0
1
500 250
32 47
3
0 0 0 440 225 30
0 1 1 450 250 9
1 0 0 926 362 0
0
33 48
3
0 0 0 365 229 30
0 1 1 450 250 8
1 0 0 926 362 0
0
34 49
3
0 0 0 290 233 30
0 1 1 450 250 7
1 0 0 926 362 0
0
35 50
3
0 0 0 215 238 30
0 1 1 450 250 6
1 0 0 926 362 0
0
36 51
3
0 0 0 140 243 30
0 1 1 450 250 5
1 0 0 926 362 0
0
67 52
3
0 0 0 65 248 0
0 1 1 450 250 4
1 0 0 926 362 0
0
68 53
3
0 0 0 139 243 0
0 1 1 450 250 3
1 0 0 926 362 0
0
69 54
3
0 0 0 213 238 0
0 1 1 450 250 2
1 0 0 926 362 0
0
70 55
3
0 0 0 287 233 0
0 1 1 450 250 1
1 0 0 926 362 0
0
71 56
3
0 0 0 361 229 0
0 1 1 450 250 0
1 0 0 926 362 0
0
72 57
3
0 0 0 435 225 0
0 1 1 450 250 10
1 0 0 926 362 0
1
500 250
73 58
3
0 0 0 509 221 5
0 1 1 450 250 9
1 0 0 926 362 0
0
74 59
3
0 0 0 515 221 10
0 1 1 450 250 8
1 0 0 926 362 0
0
75 60
3
0 0 0 515 221 15
0 1 1 450 250 7
1 0 0 926 362 0
0
76 61
3
0 0 0 515 221 20
0 1 1 450 250 6
1 0 0 926 362 0
0
77 62
3
0 0 0 515 221 25
0 1 1 450 250 5
1 0 0 926 362 0
0
78 63
3
0 0 0 515 221 30
0 1 1 450 250 4
1 0 0 926 362 0
0
79 64
3
0 0 0 440 225 30
0 1 1 450 250 3
1 0 0 926 362 0
0
80 65
3
0 0 0 365 229 30
0 1 1 450 250 2
1 0 0 926 362 0
0
81 66
3
0 0 0 290 233 30
0 1 1 450 250 1
1 0 0 926 362 0
0
82 67
3
0 0 0 215 238 30
0 1 1 450 250 0
1 0 0 926 362 0
0
83 68
3
0 0 0 140 243 30
0 1 1 450 250 10
1 0 0 926 362 0
1
500 250
114 69
3
0 0 0 65 248 0
0 1 1 450 250 9
1 0 0 926 362 0
0
115 70
3
0 0 0 139 243 0
0 1 1 450 250 8
1 0 0 926 362 0
0
116 71
3
0 0 0 213 238 0
0 1 1 450 250 7
1 0 0 926 362 0
0
117 72
3
0 0 0 287 233 0
0 1 1 450 250 6
1 0 0 926 362 0
0
118 73
3
0 0 0 361 229 0
0 1 1 450 250 5
1 0 0 926 362 0
0
119 74
3
0 0 0 435 225 0
0 1 1 450 250 4
1 0 0 926 362 0
0
120 75
3
0 0 0 509 221 5
0 1 1 450 250 3
1 0 0 926 362 0
0
121 76
3
0 0 0 515 221 10
0 1 1 450 250 2
1 0 0 926 362 0
0
122 77
3
0 0 0 515 221 15
0 1 1 450 250 1
1 0 0 926 362 0
0
123 78
3
0 0 0 515 221 20
0 1 1 450 250 0
1 0 0 926 362 0
0
124 79
3
0 0 0 515 221 25
0 1 1 450 250 10
1 0 0 926 362 0
1
500 250
125 80
3
0 0 0 515 221 30
0 1 1 450 250 9
1 0 0 926 362 0
0
126 81
3
0 0 0 440 225 30
0 1 1 450 250 8
1 0 0 926 362 0
0
127 82
3
0 0 0 365 229 30
0 1 1 450 250 7
1 0 0 926 362 0
0
128 83
3
0 0 0 290 233 30
0 1 1 450 250 6
1 0 0 926 362 0
0
129 84
3
0 0 0 215 238 30
0 1 1 450 250 5
1 0 0 926 362 0
0
130 85
3
0 0 0 140 243 30
0 1 1 450 250 4
1 0 0 926 362 0
0
161 86
3
0 0 0 65 248 0
0 1 1 450 250 3
1 0 0 926 362 0
0
162 87
3
0 0 0 139 243 0
0 1 1 450 250 2
1 0 0 926 362 0
0
163 88
3
0 0 0 213 238 0
0 1 1 450 250 1
1 0 0 926 362 0
0
164 89
3
0 0 0 287 233 0
0 1 1 450 250 0
1 0 0 926 362 0
0
165 90
3
0 0 0 361 229 0
0 1 1 450 250 10
1 0 0 926 362 0
1
500 250
166 91
3
0 0 0 435 225 0
0 1 1 450 250 9
1 0 0 926 362 0
0
167 92
3
0 0 0 509 221 5
0 1 1 450 250 8
1 0 0 926 362 0
0
168 93
3
0 0 0 515 221 10
0 1 1 450 250 7
1 0 0 926 362 0
0
169 94
3
0 0 0 515 221 15
0 1 1 450 250 6
1 0 0 926 362 0
0
170 95
3
0 0 0 515 221 20
0 1 1 450 250 5
1 0 0 926 362 0
0
171 96
3
0 0 0 515 221 25
0 1 1 450 250 4
1 0 0 926 362 0
0
172 97
3
0 0 0 515 221 30
0 1 1 450 250 3
1 0 0 926 362 0
0
173 98
3
0 0 0 440 225 30
0 1 1 450 250 2
1 0 0 926 362 0
0
174 99
3
0 0 0 365 229 30
0 1 1 450 250 1
1 0 0 926 362 0
0
175 100
3
0 0 0 290 233 30
0 1 1 450 250 0
1 0 0 926 362 0
0
176 101
3
0 0 0 215 238 30
0 1 1 450 250 10
1 0 0 926 362 0
1
500 250
177 102
3
0 0 0 140 243 30
0 1 1 450 250 9
1 0 0 926 362 0
0
208 103
3
0 0 0 65 248 0
0 1 1 450 250 8
1 0 0 926 362 0
0
209 104
3
0 0 0 139 243 0
0 1 1 450 250 7
1 0 0 926 362 0
0
210 105
3
0 0 0 213 238 0
0 1 1 450 250 6
1 0 0 926 362 0
0
211 106
3
0 0 0 287 233 0
0 1 1 450 250 5
1 0 0 926 362 0
0
212 107
3
0 0 0 361 229 0
0 1 1 450 250 4
1 0 0 926 362 0
0
213 108
3
0 0 0 435 225 0
0 1 1 450 250 3
1 0 0 926 362 0
0
214 109
3
0 0 0 509 221 5
0 1 1 450 250 2
1 0 0 926 362 0
0
215 110
3
0 0 0 515 221 10
0 1 1 450 250 1
1 0 0 926 362 0
0
216 111
3
0 0 0 515 221 15
0 1 1 450 250 0
1 0 0 926 362 0
0
217 112
3
0 0 0 515 221 20
0 1 1 450 250 10
1 0 0 926 362 0
1
500 250
218 113
3
0 0 0 515 221 25
0 1 1 450 250 9
1 0 0 926 362 0
0
219 114
3
0 0 0 515 221 30
0 1 1 450 250 8
1 0 0 926 362 0
0
220 115
3
0 0 0 440 225 30
0 1 1 450 250 7
1 0 0 926 362 0
0
221 116
3
0 0 0 365 229 30
0 1 1 450 250 6
1 0 0 926 362 0
0
222 117
3
0 0 0 290 233 30
0 1 1 450 250 5
1 0 0 926 362 0
0
223 118
3
0 0 0 215 238 30
0 1 1 450 250 4
1 0 0 926 362 0
0
224 119
3
0 0 0 140 243 30
0 1 1 450 250 3
1 0 0 926 362 0
0
255 120
3
0 0 0 65 248 0
0 1 1 450 250 2
1 0 0 926 362 0
0
256 121
3
0 0 0 139 243 0
0 1 1 450 250 1
1 0 0 926 362 0
0
257 122
3
0 0 0 213 238 0
0 1 1 450 250 0
1 0 0 926 362 0
0
258 123
3
0 0 0 287 233 0
0 1 1 450 250 10
1 0 0 926 362 0
1
500 250
259 124
3
0 0 0 361 229 0
0 1 1 450 250 9
1 0 0 926 362 0
0
260 125
3
0 0 0 435 225 0
0 1 1 450 250 8
1 0 0 926 362 0
0
261 126
3
0 0 0 509 221 5
0 1 1 450 250 7
1 0 0 926 362 0
0
262 127
3
0 0 0 515 221 10
0 1 1 450 250 6
1 0 0 926 362 0
0
263 128
3
0 0 0 515 221 15
0 1 1 450 250 5
1 0 0 926 362 0
0
264 129
3
0 0 0 515 221 20
0 1 1 450 250 4
1 0 0 926 362 0
0
265 130
3
0 0 0 515 221 25
0 1 1 450 250 3
1 0 0 926 362 0
0
266 131
3
0 0 0 515 221 30
0 1 1 450 250 2
1 0 0 926 362 0
0
267 132
3
0 0 0 440 225 30
0 1 1 450 250 1
1 0 0 926 362 0
0
268 133
3
0 0 0 365 229 30
0 1 1 450 250 0
1 0 0 926 362 0
0
269 134
3
0 0 0 290 233 30
0 1 1 450 250 10
1 0 0 926 362 0
1
500 250
270 135
3
0 0 0 215 238 30
0 1 1 450 250 9
1 0 0 926 362 0
0
271 136
3
0 0 0 140 243 30
0 1 1 450 250 8
1 0 0 926 362 0
0
302 137
3
0 0 0 65 248 0
0 1 1 450 250 7
1 0 0 926 362 0
0
303 138
3
0 0 0 139 243 0
0 1 1 450 250 6
1 0 0 926 362 0
0
304 139
3
0 0 0 213 238 0
0 1 1 450 250 5
1 0 0 926 362 0
0
305 140
3
0 0 0 287 233 0
0 1 1 450 250 4
1 0 0 926 362 0
0
306 141
3
0 0 0 361 229 0
0 1 1 450 250 3
1 0 0 926 362 0
0
307 142
3
0 0 0 435 225 0
0 1 1 450 250 2
1 0 0 926 362 0
0
308 143
3
0 0 0 509 221 5
0 1 1 450 250 1
1 0 0 926 362 0
0
309 144
3
0 0 0 515 221 10
0 1 1 450 250 0
1 0 0 926 362 0
0
310 145
3
0 0 0 515 221 15
0 1 1 450 250 10
1 0 0 926 362 0
1
500 250
311 146
3
0 0 0 515 221 20
0 1 1 450 250 9
1 0 0 926 362 0
0
312 147
3
0 0 0 515 221 25
0 1 1 450 250 8
1 0 0 926 362 0
0
313 148
3
0 0 0 515 221 30
0 1 1 450 250 7
1 0 0 926 362 0
0
314 149
3
0 0 0 440 225 30
0 1 1 450 250 6
1 0 0 926 362 0
0
315 150
3
0 0 0 365 229 30
0 1 1 450 250 5
1 0 0 926 362 0
0
316 151
3
0 0 0 290 233 30
0 1 1 450 250 4
1 0 0 926 362 0
0
317 152
3
0 0 0 215 238 30
0 1 1 450 250 3
1 0 0 926 362 0
0
318 153
3
0 0 0 140 243 30
0 1 1 450 250 2
1 0 0 926 362 0
0
349 154
3
0 0 0 65 248 0
0 1 1 450 250 1
1 0 0 926 362 0
0
350 155
3
0 0 0 139 243 0
0 1 1 450 250 0
1 0 0 926 362 0
0
351 156
3
0 0 0 213 238 0
0 1 1 450 250 10
1 0 0 926 362 0
1
500 250
352 157
3
0 0 0 287 233 0
0 1 1 450 250 9
1 0 0 926 362 0
0
353 158
3
0 0 0 361 229 0
0 1 1 450 250 8
1 0 0 926 362 0
0
354 159
3
0 0 0 435 225 0
0 1 1 450 250 7
1 0 0 926 362 0
0
355 160
3
0 0 0 509 221 5
0 1 1 450 250 6
1 0 0 926 362 0
0
356 161
3
0 0 0 515 221 10
0 1 1 450 250 5
1 0 0 926 362 0
0
357 162
3
0 0 0 515 221 15
0 1 1 450 250 4
1 0 0 926 362 0
0
358 163
3
0 0 0 515 221 20
0 1 1 450 250 3
1 0 0 926 362 0
0
359 164
3
0 0 0 515 221 25
0 1 1 450 250 2
1 0 0 926 362 0
0
360 165
3
0 0 0 515 221 30
0 1 1 450 250 1
1 0 0 926 362 0
0
361 166
3
0 0 0 440 225 30
0 1 1 450 250 0
1 0 0 926 362 0
0
362 167
3
0 0 0 365 229 30
0 1 1 450 250 10
1 0 0 926 362 0
1
500 250
363 168
3
0 0 0 290 233 30
0 1 1 450 250 9
1 0 0 926 362 0
0
364 169
3
0 0 0 215 238 30
0 1 1 450 250 8
1 0 0 926 362 0
0
365 170
3
0 0 0 140 243 30
0 1 1 450 250 7
1 0 0 926 362 0
0
396 171
3
0 0 0 65 248 0
0 1 1 450 250 6
1 0 0 926 362 0
0
397 172
3
0 0 0 139 243 0
0 1 1 450 250 5
1 0 0 926 362 0
0
398 173
3
0 0 0 213 238 0
0 1 1 450 250 4
1 0 0 926 362 0
0
399 174
3
0 0 0 287 233 0
0 1 1 450 250 3
1 0 0 926 362 0
0
400 175
3
0 0 0 361 229 0
0 1 1 450 250 2
1 0 0 926 362 0
0
401 176
3
0 0 0 435 225 0
0 1 1 450 250 1
1 0 0 926 362 0
0
402 177
3
0 0 0 509 221 5
0 1 1 450 250 0
1 0 0 926 362 0
0
403 178
3
0 0 0 515 221 10
0 1 1 450 250 10
1 0 0 926 362 0
1
500 250
404 179
3
0 0 0 515 221 15
0 1 1 450 250 9
1 0 0 926 362 0
0
405 180
3
0 0 0 515 221 20
0 1 1 450 250 8
1 0 0 926 362 0
0
406 181
3
0 0 0 515 221 25
0 1 1 450 250 7
1 0 0 926 362 0
0
407 182
3
0 0 0 515 221 30
0 1 1 450 250 6
1 0 0 926 362 0
0
408 183
3
0 0 0 440 225 30
0 1 1 450 250 5
1 0 0 926 362 0
0
409 184
3
0 0 0 365 229 30
0 1 1 450 250 4
1 0 0 926 362 0
0
410 185
3
0 0 0 290 233 30
0 1 1 450 250 3
1 0 0 926 362 0
0
411 186
3
0 0 0 215 238 30
0 1 1 450 250 2
1 0 0 926 362 0
0
412 187
3
0 0 0 140 243 30
0 1 1 450 250 1
1 0 0 926 362 0
0
443 188
3
0 0 0 65 248 0
0 1 1 450 250 0
1 0 0 926 362 0
0
444 189
3
0 0 0 139 243 0
0 1 1 450 250 10
1 0 0 926 362 0
1
500 250
445 190
3
0 0 0 213 238 0
0 1 1 450 250 9
1 0 0 926 362 0
0
446 191
3
0 0 0 287 233 0
0 1 1 450 250 8
1 0 0 926 362 0
0
447 192
3
0 0 0 361 229 0
0 1 1 450 250 7
1 0 0 926 362 0
0
448 193
3
0 0 0 435 225 0
0 1 1 450 250 6
1 0 0 926 362 0
0
449 194
3
0 0 0 509 221 5
0 1 1 450 250 5
1 0 0 926 362 0
0
450 195
3
0 0 0 515 221 10
0 1 1 450 250 4
1 0 0 926 362 0
0
451 196
3
0 0 0 515 221 15
0 1 1 450 250 3
1 0 0 926 362 0
0
452 197
3
0 0 0 515 221 20
0 1 1 450 250 2
1 0 0 926 362 0
0
453 198
3
0 0 0 515 221 25
0 1 1 450 250 1
1 0 0 926 362 0
0
454 199
3
0 0 0 515 221 30
0 1 1 450 250 0
1 0 0 926 362 0
0
455 200
3
0 0 0 440 225 30
0 1 1 450 250 10
1 0 0 926 362 0
1
500 250
